### Server Started ###
Go to: http://127.0.0.1:8000
### Configured tracing ###
[1;32mINFO    [0m ï½‰ [info]: Starting 8 workers
[1;32mINFO    [0m ï½‰ [info]: Tokio runtime found; starting in existing Tokio runtime
replace_markers in 1.739041ms
[1;32mINFO    [0m route [ 545ms | 0.33% / 100.00% ]
[1;32mINFO    [0m â”â” ï½‰ [info]:  | method: "GET" | uri: "/"
[1;32mINFO    [0m â”•â” serve [ 543ms | 0.05% / 99.67% ]
[1;32mINFO    [0m    â”â” Config::read [ 32.3ms | 5.31% / 5.94% ]
[1;32mINFO    [0m    â”‚  â”•â” resolve [ 3.43ms | 0.63% ]
[1;32mINFO    [0m    â”‚     â”•â” ï½‰ [info]:  | path: "/Users/wilderbit/github/fifthtry-packages/doc-site/.packages/kameri-app.herokuapp.com/FPM.ftd"
[1;32mINFO    [0m    â”•â” serve_file [ 510ms | 0.01% / 93.68% ]
[1;32mINFO    [0m       â”â” get_file_and_package_by_id [ 210Âµs | 0.03% / 0.04% ]
[1;32mINFO    [0m       â”‚  â”â” ï½‰ [info]:  | path: "/"
[1;32mINFO    [0m       â”‚  â”â” ï½‰ [info]:  | msg: "return: document not found" | path: "/"
[1;32mINFO    [0m       â”‚  â”•â” resolve_by_id [ 39.1Âµs | 0.00% / 0.01% ]
[1;32mINFO    [0m       â”‚     â”â” ï½‰ [info]:  | id: "/"
[1;32mINFO    [0m       â”‚     â”•â” fs_fetch_by_id [ 26.0Âµs | 0.00% / 0.00% ]
[1;32mINFO    [0m       â”‚        â”•â” fs_fetch_by_file_name [ 23.5Âµs | 0.00% ]
[1;32mINFO    [0m       â”‚           â”•â” ï½‰ [info]:  | document: "index.ftd"
[1;32mINFO    [0m       â”•â” read_ftd [ 510ms | 0.00% / 93.64% ]
[1;32mINFO    [0m          â”â” ï½‰ [info]:  | document: "index.ftd"
[1;32mINFO    [0m          â”•â” read_ftd_2022 [ 510ms | 0.51% / 93.63% ]
[1;32mINFO    [0m             â”â” interpret_helper [ 305ms | 0.10% / 56.03% ]
[1;32mINFO    [0m             â”‚  â”â” ï½‰ [info]:  | document: "fifthtry.github.io/doc-site/"
[1;32mINFO    [0m             â”‚  â”â” interpret_with_line_number [ 149ms | 27.27% ]
[1;32mINFO    [0m             â”‚  â”‚  â”•â” ï½‰ [info]:  | msg: "ftd: interpreting" | doc: "fifthtry.github.io/doc-site/"
[1;32mINFO    [0m             â”‚  â”â” fpm::stuck-on-import [ 582Âµs | 0.11% ]
[1;32mINFO    [0m             â”‚  â”â” continue_after_import [ 32.3ms | 5.93% ]
[1;32mINFO    [0m             â”‚  â”â” fpm::stuck-on-import [ 20.5Âµs | 0.00% ]
[1;32mINFO    [0m             â”‚  â”â” continue_after_import [ 453Âµs | 0.08% ]
[1;32mINFO    [0m             â”‚  â”â” fpm::stuck-on-foreign-variable [ 2.88ms | 0.53% ]
[1;32mINFO    [0m             â”‚  â”‚  â”•â” ï½‰ [info]:  | doc: "fifthtry.github.io/doc-site/assets" | var: "files.static.cross.svg"
[1;32mINFO    [0m             â”‚  â”â” continue_after_variable [ 435Âµs | 0.08% ]
[1;32mINFO    [0m             â”‚  â”â” fpm::stuck-on-foreign-variable [ 25.9Âµs | 0.00% ]
[1;32mINFO    [0m             â”‚  â”‚  â”•â” ï½‰ [info]:  | doc: "fifthtry.github.io/doc-site/assets" | var: "files.static.brand-logo.svg"
[1;32mINFO    [0m             â”‚  â”â” continue_after_variable [ 3.52ms | 0.65% ]
[1;32mINFO    [0m             â”‚  â”â” fpm::stuck-on-foreign-variable [ 41.0Âµs | 0.01% ]
[1;32mINFO    [0m             â”‚  â”‚  â”•â” ï½‰ [info]:  | doc: "fifthtry.github.io/doc-site/assets" | var: "files.static.editor-icon.svg"
[1;32mINFO    [0m             â”‚  â”â” continue_after_variable [ 1.37ms | 0.25% ]
[1;32mINFO    [0m             â”‚  â”â” fpm::stuck-on-import [ 20.0Âµs | 0.00% ]
[1;32mINFO    [0m             â”‚  â”â” continue_after_import [ 1.05ms | 0.19% ]
[1;32mINFO    [0m             â”‚  â”â” fpm::stuck-on-processor [ 103Âµs | 0.02% ]
[1;32mINFO    [0m             â”‚  â”‚  â”•â” ï½‰ [info]:  | msg: "stuck-on-processor" | doc: "fifthtry.github.io/doc-site/" | processor: "fpm-apps"
[1;32mINFO    [0m             â”‚  â”â” continue_after_processor [ 404Âµs | 0.07% ]
[1;32mINFO    [0m             â”‚  â”â” fpm::stuck-on-processor [ 92.2Âµs | 0.02% ]
[1;32mINFO    [0m             â”‚  â”‚  â”•â” ï½‰ [info]:  | msg: "stuck-on-processor" | doc: "fifthtry.github.io/doc-site/" | processor: "sitemap"
[1;32mINFO    [0m             â”‚  â”â” continue_after_processor [ 935Âµs | 0.17% ]
[1;32mINFO    [0m             â”‚  â”â” fpm::stuck-on-foreign-variable [ 28.7Âµs | 0.01% ]
[1;32mINFO    [0m             â”‚  â”‚  â”•â” ï½‰ [info]:  | doc: "fifthtry.github.io/doc-site/assets" | var: "files.static.info-icon.svg"
[1;32mINFO    [0m             â”‚  â”â” continue_after_variable [ 343Âµs | 0.06% ]
[1;32mINFO    [0m             â”‚  â”â” fpm::stuck-on-foreign-variable [ 14.5Âµs | 0.00% ]
[1;32mINFO    [0m             â”‚  â”‚  â”•â” ï½‰ [info]:  | doc: "fifthtry.github.io/doc-site/assets" | var: "files.static.header.hamburger.svg"
[1;32mINFO    [0m             â”‚  â”â” continue_after_variable [ 774Âµs | 0.14% ]
[1;32mINFO    [0m             â”‚  â”â” fpm::stuck-on-import [ 4.65ms | 0.04% / 0.85% ]
[1;32mINFO    [0m             â”‚  â”‚  â”â” resolve [ 4.42ms | 0.81% ]
[1;32mINFO    [0m             â”‚  â”‚  â”‚  â”•â” ï½‰ [info]:  | path: "/Users/wilderbit/github/fifthtry-packages/doc-site/.packages/fifthtry.github.io/package-doc/FPM.ftd"
[1;32mINFO    [0m             â”‚  â”‚  â”•â” resolve_by_id [ 30.5Âµs | 0.00% / 0.01% ]
[1;32mINFO    [0m             â”‚  â”‚     â”â” ï½‰ [info]:  | id: "/header/"
[1;32mINFO    [0m             â”‚  â”‚     â”•â” fs_fetch_by_id [ 23.7Âµs | 0.00% / 0.00% ]
[1;32mINFO    [0m             â”‚  â”‚        â”•â” fs_fetch_by_file_name [ 17.6Âµs | 0.00% ]
[1;32mINFO    [0m             â”‚  â”‚           â”•â” ï½‰ [info]:  | document: "header.ftd"
[1;32mINFO    [0m             â”‚  â”â” continue_after_import [ 39.1ms | 7.18% ]
[1;32mINFO    [0m             â”‚  â”â” fpm::stuck-on-import [ 74.0Âµs | 0.01% / 0.01% ]
[1;32mINFO    [0m             â”‚  â”‚  â”•â” resolve_by_id [ 37.4Âµs | 0.00% / 0.01% ]
[1;32mINFO    [0m             â”‚  â”‚     â”â” ï½‰ [info]:  | id: "/typography/"
[1;32mINFO    [0m             â”‚  â”‚     â”•â” fs_fetch_by_id [ 31.7Âµs | 0.00% / 0.01% ]
[1;32mINFO    [0m             â”‚  â”‚        â”•â” fs_fetch_by_file_name [ 21.3Âµs | 0.00% ]
[1;32mINFO    [0m             â”‚  â”‚           â”•â” ï½‰ [info]:  | document: "typography.ftd"
[1;32mINFO    [0m             â”‚  â”â” continue_after_import [ 7.20ms | 1.32% ]
[1;32mINFO    [0m             â”‚  â”â” fpm::stuck-on-import [ 6.71Âµs | 0.00% ]
[1;32mINFO    [0m             â”‚  â”â” continue_after_import [ 531Âµs | 0.10% ]
[1;32mINFO    [0m             â”‚  â”â” fpm::stuck-on-foreign-variable [ 18.1Âµs | 0.00% ]
[1;32mINFO    [0m             â”‚  â”‚  â”•â” ï½‰ [info]:  | doc: "fifthtry.github.io/package-doc/assets" | var: "files.static.header.hamburger-dark.svg"
[1;32mINFO    [0m             â”‚  â”â” continue_after_variable [ 1.72ms | 0.32% ]
[1;32mINFO    [0m             â”‚  â”â” fpm::stuck-on-import [ 149Âµs | 0.02% / 0.03% ]
[1;32mINFO    [0m             â”‚  â”‚  â”•â” resolve_by_id [ 42.0Âµs | 0.00% / 0.01% ]
[1;32mINFO    [0m             â”‚  â”‚     â”â” ï½‰ [info]:  | id: "/product-switcher/"
[1;32mINFO    [0m             â”‚  â”‚     â”•â” fs_fetch_by_id [ 35.7Âµs | 0.00% / 0.01% ]
[1;32mINFO    [0m             â”‚  â”‚        â”•â” fs_fetch_by_file_name [ 23.1Âµs | 0.00% ]
[1;32mINFO    [0m             â”‚  â”‚           â”•â” ï½‰ [info]:  | document: "product-switcher.ftd"
[1;32mINFO    [0m             â”‚  â”â” continue_after_import [ 15.9ms | 2.92% ]
[1;32mINFO    [0m             â”‚  â”â” fpm::stuck-on-foreign-variable [ 22.4Âµs | 0.00% ]
[1;32mINFO    [0m             â”‚  â”‚  â”•â” ï½‰ [info]:  | doc: "fifthtry.github.io/package-doc/assets" | var: "files.static.up-arrow-dark.svg"
[1;32mINFO    [0m             â”‚  â”â” continue_after_variable [ 638Âµs | 0.12% ]
[1;32mINFO    [0m             â”‚  â”â” fpm::stuck-on-foreign-variable [ 9.12Âµs | 0.00% ]
[1;32mINFO    [0m             â”‚  â”‚  â”•â” ï½‰ [info]:  | doc: "fifthtry.github.io/package-doc/assets" | var: "files.static.down-arrow-dark.svg"
[1;32mINFO    [0m             â”‚  â”â” continue_after_variable [ 10.0ms | 1.84% ]
[1;32mINFO    [0m             â”‚  â”â” fpm::stuck-on-foreign-variable [ 18.7Âµs | 0.00% ]
[1;32mINFO    [0m             â”‚  â”‚  â”•â” ï½‰ [info]:  | doc: "fifthtry.github.io/package-doc/assets" | var: "files.static.icon-github.svg"
[1;32mINFO    [0m             â”‚  â”â” continue_after_variable [ 3.84ms | 0.71% ]
[1;32mINFO    [0m             â”‚  â”â” fpm::stuck-on-foreign-variable [ 19.3Âµs | 0.00% ]
[1;32mINFO    [0m             â”‚  â”‚  â”•â” ï½‰ [info]:  | doc: "fifthtry.github.io/package-doc/assets" | var: "files.static.ps.down-arrow.svg"
[1;32mINFO    [0m             â”‚  â”â” continue_after_variable [ 9.00ms | 1.65% ]
[1;32mINFO    [0m             â”‚  â”â” fpm::stuck-on-processor [ 52.9Âµs | 0.01% ]
[1;32mINFO    [0m             â”‚  â”‚  â”•â” ï½‰ [info]:  | msg: "stuck-on-processor" | doc: "fifthtry.github.io/package-doc/header" | processor: "toc"
[1;32mINFO    [0m             â”‚  â”â” continue_after_processor [ 1.63ms | 0.30% ]
[1;32mINFO    [0m             â”‚  â”â” fpm::stuck-on-foreign-variable [ 17.9Âµs | 0.00% ]
[1;32mINFO    [0m             â”‚  â”‚  â”•â” ï½‰ [info]:  | doc: "fifthtry.github.io/package-doc/assets" | var: "files.static.header.cross.svg"
[1;32mINFO    [0m             â”‚  â”â” continue_after_variable [ 3.00ms | 0.55% ]
[1;32mINFO    [0m             â”‚  â”â” fpm::stuck-on-foreign-variable [ 32.0Âµs | 0.01% ]
[1;32mINFO    [0m             â”‚  â”‚  â”•â” ï½‰ [info]:  | doc: "fifthtry.github.io/doc-site/assets" | var: "files.static.header.hamburger-dark.svg"
[1;32mINFO    [0m             â”‚  â”â” continue_after_variable [ 3.95ms | 0.72% ]
[1;32mINFO    [0m             â”‚  â”â” fpm::stuck-on-import [ 2.87ms | 0.02% / 0.53% ]
[1;32mINFO    [0m             â”‚  â”‚  â”â” resolve [ 2.73ms | 0.50% ]
[1;32mINFO    [0m             â”‚  â”‚  â”‚  â”•â” ï½‰ [info]:  | path: "/Users/wilderbit/github/fifthtry-packages/doc-site/.packages/fifthtry.github.io/code-block/FPM.ftd"
[1;32mINFO    [0m             â”‚  â”‚  â”•â” resolve_by_id [ 28.0Âµs | 0.00% / 0.01% ]
[1;32mINFO    [0m             â”‚  â”‚     â”â” ï½‰ [info]:  | id: "/"
[1;32mINFO    [0m             â”‚  â”‚     â”•â” fs_fetch_by_id [ 22.8Âµs | 0.00% / 0.00% ]
[1;32mINFO    [0m             â”‚  â”‚        â”•â” fs_fetch_by_file_name [ 16.9Âµs | 0.00% ]
[1;32mINFO    [0m             â”‚  â”‚           â”•â” ï½‰ [info]:  | document: "index.ftd"
[1;32mINFO    [0m             â”‚  â”•â” continue_after_import [ 6.23ms | 1.14% ]
[1;32mINFO    [0m             â”â” from_interpreter [ 176ms | 0.00% / 32.21% ]
[1;32mINFO    [0m             â”‚  â”•â” execute [ 175ms | 0.00% / 32.21% ]
[1;32mINFO    [0m             â”‚     â”•â” execute_from_instructions_loop [ 175ms | 31.43% / 32.21% ]
[1;32mINFO    [0m             â”‚        â”â” get_instructions_from_instructions [ 4.83Âµs | 0.00% / 0.00% ]
[1;32mINFO    [0m             â”‚        â”‚  â”•â” get_instructions_from_instruction [ 3.62Âµs | 0.00% ]
[1;32mINFO    [0m             â”‚        â”â” get_simple_instruction [ 127Âµs | 0.02% ]
[1;32mINFO    [0m             â”‚        â”â” get_instructions_from_instructions [ 6.58Âµs | 0.00% / 0.00% ]
[1;32mINFO    [0m             â”‚        â”‚  â”â” get_instructions_from_instruction [ 1.71Âµs | 0.00% ]
[1;32mINFO    [0m             â”‚        â”‚  â”â” get_instructions_from_instruction [ 1.71Âµs | 0.00% ]
[1;32mINFO    [0m             â”‚        â”‚  â”•â” get_instructions_from_instruction [ 1.54Âµs | 0.00% ]
[1;32mINFO    [0m             â”‚        â”â” get_instructions_from_instructions [ 1.62Âµs | 0.00% / 0.00% ]
[1;32mINFO    [0m             â”‚        â”‚  â”•â” get_instructions_from_instruction [ 1.00Âµs | 0.00% ]
[1;32mINFO    [0m             â”‚        â”â” get_simple_instruction [ 72.6Âµs | 0.01% ]
[1;32mINFO    [0m             â”‚        â”â” get_instructions_from_instructions [ 11.8Âµs | 0.00% / 0.00% ]
[1;32mINFO    [0m             â”‚        â”‚  â”â” get_instructions_from_instruction [ 1.42Âµs | 0.00% ]
[1;32mINFO    [0m             â”‚        â”‚  â”â” get_instructions_from_instruction [ 8.42Âµs | 0.00% ]
[1;32mINFO    [0m             â”‚        â”‚  â”•â” get_instructions_from_instruction [ 583ns | 0.00% ]
[1;32mINFO    [0m             â”‚        â”â” get_simple_instruction [ 67.1Âµs | 0.01% ]
[1;32mINFO    [0m             â”‚        â”â” get_instructions_from_instructions [ 14.1Âµs | 0.00% / 0.00% ]
[1;32mINFO    [0m             â”‚        â”‚  â”â” get_instructions_from_instruction [ 1.38Âµs | 0.00% ]
[1;32mINFO    [0m             â”‚        â”‚  â”â” get_instructions_from_instruction [ 10.7Âµs | 0.00% ]
[1;32mINFO    [0m             â”‚        â”‚  â”•â” get_instructions_from_instruction [ 583ns | 0.00% ]
[1;32mINFO    [0m             â”‚        â”â” get_simple_instruction [ 549Âµs | 0.10% ]
[1;32mINFO    [0m             â”‚        â”â” get_instructions_from_instructions [ 14.1Âµs | 0.00% / 0.00% ]
[1;32mINFO    [0m             â”‚        â”‚  â”â” get_instructions_from_instruction [ 2.38Âµs | 0.00% ]
[1;32mINFO    [0m             â”‚        â”‚  â”â” get_instructions_from_instruction [ 2.46Âµs | 0.00% ]
[1;32mINFO    [0m             â”‚        â”‚  â”â” get_instructions_from_instruction [ 3.54Âµs | 0.00% ]
[1;32mINFO    [0m             â”‚        â”‚  â”•â” get_instructions_from_instruction [ 3.83Âµs | 0.00% ]
[1;32mINFO    [0m             â”‚        â”â” get_instructions_from_instructions [ 9.04Âµs | 0.00% / 0.00% ]
[1;32mINFO    [0m             â”‚        â”‚  â”â” get_instructions_from_instruction [ 791ns | 0.00% ]
[1;32mINFO    [0m             â”‚        â”‚  â”â” get_instructions_from_instruction [ 5.88Âµs | 0.00% ]
[1;32mINFO    [0m             â”‚        â”‚  â”•â” get_instructions_from_instruction [ 833ns | 0.00% ]
[1;32mINFO    [0m             â”‚        â”â” get_simple_instruction [ 307Âµs | 0.06% ]
[1;32mINFO    [0m             â”‚        â”â” get_instructions_from_instructions [ 15.1Âµs | 0.00% / 0.00% ]
[1;32mINFO    [0m             â”‚        â”‚  â”â” get_instructions_from_instruction [ 1.50Âµs | 0.00% ]
[1;32mINFO    [0m             â”‚        â”‚  â”â” get_instructions_from_instruction [ 3.04Âµs | 0.00% ]
[1;32mINFO    [0m             â”‚        â”‚  â”â” get_instructions_from_instruction [ 5.33Âµs | 0.00% ]
[1;32mINFO    [0m             â”‚        â”‚  â”•â” get_instructions_from_instruction [ 3.54Âµs | 0.00% ]
[1;32mINFO    [0m             â”‚        â”â” get_instructions_from_instructions [ 11.5Âµs | 0.00% / 0.00% ]
[1;32mINFO    [0m             â”‚        â”‚  â”â” get_instructions_from_instruction [ 3.17Âµs | 0.00% ]
[1;32mINFO    [0m             â”‚        â”‚  â”â” get_instructions_from_instruction [ 1.83Âµs | 0.00% ]
[1;32mINFO    [0m             â”‚        â”‚  â”â” get_instructions_from_instruction [ 2.96Âµs | 0.00% ]
[1;32mINFO    [0m             â”‚        â”‚  â”•â” get_instructions_from_instruction [ 1.83Âµs | 0.00% ]
[1;32mINFO    [0m             â”‚        â”â” get_instructions_from_instructions [ 1.12Âµs | 0.00% / 0.00% ]
[1;32mINFO    [0m             â”‚        â”‚  â”•â” get_instructions_from_instruction [ 541ns | 0.00% ]
[1;32mINFO    [0m             â”‚        â”â” get_simple_instruction [ 96.4Âµs | 0.02% ]
[1;32mINFO    [0m             â”‚        â”â” get_instructions_from_instructions [ 9.83Âµs | 0.00% / 0.00% ]
[1;32mINFO    [0m             â”‚        â”‚  â”â” get_instructions_from_instruction [ 3.38Âµs | 0.00% ]
[1;32mINFO    [0m             â”‚        â”‚  â”â” get_instructions_from_instruction [ 2.29Âµs | 0.00% ]
[1;32mINFO    [0m             â”‚        â”‚  â”â” get_instructions_from_instruction [ 1.21Âµs | 0.00% ]
[1;32mINFO    [0m             â”‚        â”‚  â”•â” get_instructions_from_instruction [ 1.42Âµs | 0.00% ]
[1;32mINFO    [0m             â”‚        â”â” get_simple_instruction [ 186Âµs | 0.03% ]
[1;32mINFO    [0m             â”‚        â”â” get_instructions_from_instructions [ 19.0Âµs | 0.00% / 0.00% ]
[1;32mINFO    [0m             â”‚        â”‚  â”â” get_instructions_from_instruction [ 10.0Âµs | 0.00% ]
[1;32mINFO    [0m             â”‚        â”‚  â”•â” get_instructions_from_instruction [ 8.12Âµs | 0.00% ]
[1;32mINFO    [0m             â”‚        â”â” get_simple_instruction [ 190Âµs | 0.03% ]
[1;32mINFO    [0m             â”‚        â”â” get_instructions_from_instructions [ 25.2Âµs | 0.00% / 0.00% ]
[1;32mINFO    [0m             â”‚        â”‚  â”â” get_instructions_from_instruction [ 7.38Âµs | 0.00% ]
[1;32mINFO    [0m             â”‚        â”‚  â”â” get_instructions_from_instruction [ 541ns | 0.00% ]
[1;32mINFO    [0m             â”‚        â”‚  â”â” get_instructions_from_instruction [ 5.71Âµs | 0.00% ]
[1;32mINFO    [0m             â”‚        â”‚  â”•â” get_instructions_from_instruction [ 10.0Âµs | 0.00% ]
[1;32mINFO    [0m             â”‚        â”â” get_simple_instruction [ 3.96Âµs | 0.00% ]
[1;32mINFO    [0m             â”‚        â”â” get_instructions_from_instructions [ 30.2Âµs | 0.00% / 0.01% ]
[1;32mINFO    [0m             â”‚        â”‚  â”•â” get_instructions_from_instruction [ 29.5Âµs | 0.00% / 0.01% ]
[1;32mINFO    [0m             â”‚        â”‚     â”•â” get_loop_instructions [ 26.7Âµs | 0.00% ]
[1;32mINFO    [0m             â”‚        â”â” get_instructions_from_instructions [ 3.79Âµs | 0.00% / 0.00% ]
[1;32mINFO    [0m             â”‚        â”‚  â”â” get_instructions_from_instruction [ 1.25Âµs | 0.00% ]
[1;32mINFO    [0m             â”‚        â”‚  â”•â” get_instructions_from_instruction [ 1.54Âµs | 0.00% ]
[1;32mINFO    [0m             â”‚        â”â” get_instructions_from_instructions [ 916ns | 0.00% / 0.00% ]
[1;32mINFO    [0m             â”‚        â”‚  â”•â” get_instructions_from_instruction [ 375ns | 0.00% ]
[1;32mINFO    [0m             â”‚        â”â” get_instructions_from_instructions [ 958ns | 0.00% / 0.00% ]
[1;32mINFO    [0m             â”‚        â”‚  â”•â” get_instructions_from_instruction [ 458ns | 0.00% ]
[1;32mINFO    [0m             â”‚        â”â” get_simple_instruction [ 95.8Âµs | 0.02% ]
[1;32mINFO    [0m             â”‚        â”â” get_instructions_from_instructions [ 9.79Âµs | 0.00% / 0.00% ]
[1;32mINFO    [0m             â”‚        â”‚  â”â” get_instructions_from_instruction [ 2.92Âµs | 0.00% ]
[1;32mINFO    [0m             â”‚        â”‚  â”â” get_instructions_from_instruction [ 2.54Âµs | 0.00% ]
[1;32mINFO    [0m             â”‚        â”‚  â”â” get_instructions_from_instruction [ 1.54Âµs | 0.00% ]
[1;32mINFO    [0m             â”‚        â”‚  â”•â” get_instructions_from_instruction [ 1.17Âµs | 0.00% ]
[1;32mINFO    [0m             â”‚        â”â” get_simple_instruction [ 184Âµs | 0.03% ]
[1;32mINFO    [0m             â”‚        â”â” get_instructions_from_instructions [ 20.4Âµs | 0.00% / 0.00% ]
[1;32mINFO    [0m             â”‚        â”‚  â”â” get_instructions_from_instruction [ 9.75Âµs | 0.00% ]
[1;32mINFO    [0m             â”‚        â”‚  â”•â” get_instructions_from_instruction [ 9.62Âµs | 0.00% ]
[1;32mINFO    [0m             â”‚        â”â” get_simple_instruction [ 189Âµs | 0.03% ]
[1;32mINFO    [0m             â”‚        â”â” get_instructions_from_instructions [ 24.2Âµs | 0.00% / 0.00% ]
[1;32mINFO    [0m             â”‚        â”‚  â”â” get_instructions_from_instruction [ 8.17Âµs | 0.00% ]
[1;32mINFO    [0m             â”‚        â”‚  â”â” get_instructions_from_instruction [ 416ns | 0.00% ]
[1;32mINFO    [0m             â”‚        â”‚  â”â” get_instructions_from_instruction [ 3.46Âµs | 0.00% ]
[1;32mINFO    [0m             â”‚        â”‚  â”•â” get_instructions_from_instruction [ 10.5Âµs | 0.00% ]
[1;32mINFO    [0m             â”‚        â”â” get_instructions_from_instructions [ 3.29Âµs | 0.00% / 0.00% ]
[1;32mINFO    [0m             â”‚        â”‚  â”â” get_instructions_from_instruction [ 2.00Âµs | 0.00% ]
[1;32mINFO    [0m             â”‚        â”‚  â”•â” get_instructions_from_instruction [ 416ns | 0.00% ]
[1;32mINFO    [0m             â”‚        â”â” get_instructions_from_instructions [ 2.08Âµs | 0.00% / 0.00% ]
[1;32mINFO    [0m             â”‚        â”‚  â”â” get_instructions_from_instruction [ 583ns | 0.00% ]
[1;32mINFO    [0m             â”‚        â”‚  â”•â” get_instructions_from_instruction [ 625ns | 0.00% ]
[1;32mINFO    [0m             â”‚        â”â” get_instructions_from_instructions [ 1.96Âµs | 0.00% / 0.00% ]
[1;32mINFO    [0m             â”‚        â”‚  â”•â” get_instructions_from_instruction [ 1.42Âµs | 0.00% ]
[1;32mINFO    [0m             â”‚        â”â” get_instructions_from_instructions [ 1.04Âµs | 0.00% / 0.00% ]
[1;32mINFO    [0m             â”‚        â”‚  â”•â” get_instructions_from_instruction [ 500ns | 0.00% ]
[1;32mINFO    [0m             â”‚        â”â” get_simple_instruction [ 2.83Âµs | 0.00% ]
[1;32mINFO    [0m             â”‚        â”â” get_instructions_from_instructions [ 1.38Âµs | 0.00% / 0.00% ]
[1;32mINFO    [0m             â”‚        â”‚  â”•â” get_instructions_from_instruction [ 833ns | 0.00% ]
[1;32mINFO    [0m             â”‚        â”â” get_instructions_from_instructions [ 3.12Âµs | 0.00% / 0.00% ]
[1;32mINFO    [0m             â”‚        â”‚  â”•â” get_instructions_from_instruction [ 2.62Âµs | 0.00% ]
[1;32mINFO    [0m             â”‚        â”â” get_instructions_from_instructions [ 41.6Âµs | 0.00% / 0.01% ]
[1;32mINFO    [0m             â”‚        â”‚  â”•â” get_instructions_from_instruction [ 41.0Âµs | 0.00% / 0.01% ]
[1;32mINFO    [0m             â”‚        â”‚     â”•â” get_loop_instructions [ 40.3Âµs | 0.01% ]
[1;32mINFO    [0m             â”‚        â”â” get_instructions_from_instructions [ 3.92Âµs | 0.00% / 0.00% ]
[1;32mINFO    [0m             â”‚        â”‚  â”•â” get_instructions_from_instruction [ 3.46Âµs | 0.00% / 0.00% ]
[1;32mINFO    [0m             â”‚        â”‚     â”•â” get_loop_instructions [ 3.00Âµs | 0.00% ]
[1;32mINFO    [0m             â”‚        â”â” get_instructions_from_instructions [ 9.42Âµs | 0.00% / 0.00% ]
[1;32mINFO    [0m             â”‚        â”‚  â”â” get_instructions_from_instruction [ 5.54Âµs | 0.00% ]
[1;32mINFO    [0m             â”‚        â”‚  â”•â” get_instructions_from_instruction [ 2.96Âµs | 0.00% ]
[1;32mINFO    [0m             â”‚        â”â” get_instructions_from_instructions [ 8.29Âµs | 0.00% / 0.00% ]
[1;32mINFO    [0m             â”‚        â”‚  â”â” get_instructions_from_instruction [ 5.29Âµs | 0.00% ]
[1;32mINFO    [0m             â”‚        â”‚  â”•â” get_instructions_from_instruction [ 2.08Âµs | 0.00% ]
[1;32mINFO    [0m             â”‚        â”â” get_instructions_from_instructions [ 6.71Âµs | 0.00% / 0.00% ]
[1;32mINFO    [0m             â”‚        â”‚  â”â” get_instructions_from_instruction [ 208ns | 0.00% ]
[1;32mINFO    [0m             â”‚        â”‚  â”•â” get_instructions_from_instruction [ 5.62Âµs | 0.00% ]
[1;32mINFO    [0m             â”‚        â”â” get_instructions_from_instructions [ 83.0ns | 0.00% ]
[1;32mINFO    [0m             â”‚        â”â” get_instructions_from_instructions [ 4.25Âµs | 0.00% / 0.00% ]
[1;32mINFO    [0m             â”‚        â”‚  â”â” get_instructions_from_instruction [ 1.62Âµs | 0.00% ]
[1;32mINFO    [0m             â”‚        â”‚  â”•â” get_instructions_from_instruction [ 1.67Âµs | 0.00% ]
[1;32mINFO    [0m             â”‚        â”â” get_instructions_from_instructions [ 9.54Âµs | 0.00% / 0.00% ]
[1;32mINFO    [0m             â”‚        â”‚  â”â” get_instructions_from_instruction [ 3.00Âµs | 0.00% ]
[1;32mINFO    [0m             â”‚        â”‚  â”â” get_instructions_from_instruction [ 2.12Âµs | 0.00% ]
[1;32mINFO    [0m             â”‚        â”‚  â”•â” get_instructions_from_instruction [ 3.25Âµs | 0.00% ]
[1;32mINFO    [0m             â”‚        â”â” get_simple_instruction [ 10.6Âµs | 0.00% ]
[1;32mINFO    [0m             â”‚        â”â” get_instructions_from_instructions [ 6.67Âµs | 0.00% / 0.00% ]
[1;32mINFO    [0m             â”‚        â”‚  â”â” get_instructions_from_instruction [ 2.25Âµs | 0.00% ]
[1;32mINFO    [0m             â”‚        â”‚  â”â” get_instructions_from_instruction [ 2.21Âµs | 0.00% ]
[1;32mINFO    [0m             â”‚        â”‚  â”•â” get_instructions_from_instruction [ 958ns | 0.00% ]
[1;32mINFO    [0m             â”‚        â”â” get_simple_instruction [ 9.33Âµs | 0.00% ]
[1;32mINFO    [0m             â”‚        â”â” get_instructions_from_instructions [ 6.46Âµs | 0.00% / 0.00% ]
[1;32mINFO    [0m             â”‚        â”‚  â”â” get_instructions_from_instruction [ 2.42Âµs | 0.00% ]
[1;32mINFO    [0m             â”‚        â”‚  â”â” get_instructions_from_instruction [ 1.96Âµs | 0.00% ]
[1;32mINFO    [0m             â”‚        â”‚  â”•â” get_instructions_from_instruction [ 833ns | 0.00% ]
[1;32mINFO    [0m             â”‚        â”â” get_simple_instruction [ 9.08Âµs | 0.00% ]
[1;32mINFO    [0m             â”‚        â”â” get_instructions_from_instructions [ 6.46Âµs | 0.00% / 0.00% ]
[1;32mINFO    [0m             â”‚        â”‚  â”â” get_instructions_from_instruction [ 2.17Âµs | 0.00% ]
[1;32mINFO    [0m             â”‚        â”‚  â”â” get_instructions_from_instruction [ 2.08Âµs | 0.00% ]
[1;32mINFO    [0m             â”‚        â”‚  â”•â” get_instructions_from_instruction [ 958ns | 0.00% ]
[1;32mINFO    [0m             â”‚        â”â” get_instructions_from_instructions [ 1.79Âµs | 0.00% / 0.00% ]
[1;32mINFO    [0m             â”‚        â”‚  â”â” get_instructions_from_instruction [ 583ns | 0.00% ]
[1;32mINFO    [0m             â”‚        â”‚  â”•â” get_instructions_from_instruction [ 375ns | 0.00% ]
[1;32mINFO    [0m             â”‚        â”â” get_instructions_from_instructions [ 2.12Âµs | 0.00% / 0.00% ]
[1;32mINFO    [0m             â”‚        â”‚  â”â” get_instructions_from_instruction [ 583ns | 0.00% ]
[1;32mINFO    [0m             â”‚        â”‚  â”•â” get_instructions_from_instruction [ 666ns | 0.00% ]
[1;32mINFO    [0m             â”‚        â”â” get_simple_instruction [ 3.04Âµs | 0.00% ]
[1;32mINFO    [0m             â”‚        â”â” get_instructions_from_instructions [ 83.0ns | 0.00% ]
[1;32mINFO    [0m             â”‚        â”â” get_simple_instruction [ 2.83Âµs | 0.00% ]
[1;32mINFO    [0m             â”‚        â”â” get_instructions_from_instructions [ 1.71Âµs | 0.00% / 0.00% ]
[1;32mINFO    [0m             â”‚        â”‚  â”•â” get_instructions_from_instruction [ 1.04Âµs | 0.00% ]
[1;32mINFO    [0m             â”‚        â”â” get_instructions_from_instructions [ 3.42Âµs | 0.00% / 0.00% ]
[1;32mINFO    [0m             â”‚        â”‚  â”•â” get_instructions_from_instruction [ 2.88Âµs | 0.00% ]
[1;32mINFO    [0m             â”‚        â”â” get_instructions_from_instructions [ 40.4Âµs | 0.00% / 0.01% ]
[1;32mINFO    [0m             â”‚        â”‚  â”•â” get_instructions_from_instruction [ 39.8Âµs | 0.00% / 0.01% ]
[1;32mINFO    [0m             â”‚        â”‚     â”•â” get_loop_instructions [ 38.9Âµs | 0.01% ]
[1;32mINFO    [0m             â”‚        â”â” get_instructions_from_instructions [ 10.0Âµs | 0.00% / 0.00% ]
[1;32mINFO    [0m             â”‚        â”‚  â”â” get_instructions_from_instruction [ 5.67Âµs | 0.00% ]
[1;32mINFO    [0m             â”‚        â”‚  â”•â” get_instructions_from_instruction [ 3.42Âµs | 0.00% ]
[1;32mINFO    [0m             â”‚        â”â” get_instructions_from_instructions [ 8.46Âµs | 0.00% / 0.00% ]
[1;32mINFO    [0m             â”‚        â”‚  â”â” get_instructions_from_instruction [ 5.50Âµs | 0.00% ]
[1;32mINFO    [0m             â”‚        â”‚  â”•â” get_instructions_from_instruction [ 2.00Âµs | 0.00% ]
[1;32mINFO    [0m             â”‚        â”â” get_instructions_from_instructions [ 7.12Âµs | 0.00% / 0.00% ]
[1;32mINFO    [0m             â”‚        â”‚  â”â” get_instructions_from_instruction [ 208ns | 0.00% ]
[1;32mINFO    [0m             â”‚        â”‚  â”•â” get_instructions_from_instruction [ 5.96Âµs | 0.00% ]
[1;32mINFO    [0m             â”‚        â”â” get_instructions_from_instructions [ 83.0ns | 0.00% ]
[1;32mINFO    [0m             â”‚        â”â” get_instructions_from_instructions [ 4.29Âµs | 0.00% / 0.00% ]
[1;32mINFO    [0m             â”‚        â”‚  â”â” get_instructions_from_instruction [ 1.83Âµs | 0.00% ]
[1;32mINFO    [0m             â”‚        â”‚  â”•â” get_instructions_from_instruction [ 1.62Âµs | 0.00% ]
[1;32mINFO    [0m             â”‚        â”â” get_instructions_from_instructions [ 10.4Âµs | 0.00% / 0.00% ]
[1;32mINFO    [0m             â”‚        â”‚  â”â” get_instructions_from_instruction [ 3.04Âµs | 0.00% ]
[1;32mINFO    [0m             â”‚        â”‚  â”â” get_instructions_from_instruction [ 2.46Âµs | 0.00% ]
[1;32mINFO    [0m             â”‚        â”‚  â”•â” get_instructions_from_instruction [ 3.58Âµs | 0.00% ]
[1;32mINFO    [0m             â”‚        â”â” get_instructions_from_instructions [ 3.42Âµs | 0.00% / 0.00% ]
[1;32mINFO    [0m             â”‚        â”‚  â”â” get_instructions_from_instruction [ 666ns | 0.00% ]
[1;32mINFO    [0m             â”‚        â”‚  â”•â” get_instructions_from_instruction [ 1.71Âµs | 0.00% ]
[1;32mINFO    [0m             â”‚        â”â” get_simple_instruction [ 7.54Âµs | 0.00% ]
[1;32mINFO    [0m             â”‚        â”â” get_instructions_from_instructions [ 1.04Âµs | 0.00% ]
[1;32mINFO    [0m             â”‚        â”â” get_instructions_from_instructions [ 5.21Âµs | 0.00% / 0.00% ]
[1;32mINFO    [0m             â”‚        â”‚  â”â” get_instructions_from_instruction [ 666ns | 0.00% ]
[1;32mINFO    [0m             â”‚        â”‚  â”â” get_instructions_from_instruction [ 541ns | 0.00% ]
[1;32mINFO    [0m             â”‚        â”‚  â”â” get_instructions_from_instruction [ 458ns | 0.00% ]
[1;32mINFO    [0m             â”‚        â”‚  â”â” get_instructions_from_instruction [ 666ns | 0.00% ]
[1;32mINFO    [0m             â”‚        â”‚  â”•â” get_instructions_from_instruction [ 416ns | 0.00% ]
[1;32mINFO    [0m             â”‚        â”â” get_instructions_from_instructions [ 1.75Âµs | 0.00% / 0.00% ]
[1;32mINFO    [0m             â”‚        â”‚  â”•â” get_instructions_from_instruction [ 1.21Âµs | 0.00% ]
[1;32mINFO    [0m             â”‚        â”â” get_instructions_from_instructions [ 41.0ns | 0.00% ]
[1;32mINFO    [0m             â”‚        â”â” get_instructions_from_instructions [ 83.0ns | 0.00% ]
[1;32mINFO    [0m             â”‚        â”â” get_instructions_from_instructions [ 3.75Âµs | 0.00% / 0.00% ]
[1;32mINFO    [0m             â”‚        â”‚  â”â” get_instructions_from_instruction [ 1.75Âµs | 0.00% ]
[1;32mINFO    [0m             â”‚        â”‚  â”•â” get_instructions_from_instruction [ 1.00Âµs | 0.00% ]
[1;32mINFO    [0m             â”‚        â”â” get_simple_instruction [ 39.9Âµs | 0.01% ]
[1;32mINFO    [0m             â”‚        â”â” get_instructions_from_instructions [ 4.04Âµs | 0.00% / 0.00% ]
[1;32mINFO    [0m             â”‚        â”‚  â”•â” get_instructions_from_instruction [ 3.54Âµs | 0.00% ]
[1;32mINFO    [0m             â”‚        â”â” get_simple_instruction [ 33.7Âµs | 0.01% ]
[1;32mINFO    [0m             â”‚        â”â” get_instructions_from_instructions [ 4.67Âµs | 0.00% / 0.00% ]
[1;32mINFO    [0m             â”‚        â”‚  â”•â” get_instructions_from_instruction [ 4.12Âµs | 0.00% ]
[1;32mINFO    [0m             â”‚        â”â” get_simple_instruction [ 33.2Âµs | 0.01% ]
[1;32mINFO    [0m             â”‚        â”â” get_instructions_from_instructions [ 4.17Âµs | 0.00% / 0.00% ]
[1;32mINFO    [0m             â”‚        â”‚  â”•â” get_instructions_from_instruction [ 3.58Âµs | 0.00% ]
[1;32mINFO    [0m             â”‚        â”â” get_simple_instruction [ 32.0Âµs | 0.01% ]
[1;32mINFO    [0m             â”‚        â”â” get_instructions_from_instructions [ 3.58Âµs | 0.00% / 0.00% ]
[1;32mINFO    [0m             â”‚        â”‚  â”•â” get_instructions_from_instruction [ 3.08Âµs | 0.00% ]
[1;32mINFO    [0m             â”‚        â”â” get_instructions_from_instructions [ 7.50Âµs | 0.00% / 0.00% ]
[1;32mINFO    [0m             â”‚        â”‚  â”â” get_instructions_from_instruction [ 1.04Âµs | 0.00% ]
[1;32mINFO    [0m             â”‚        â”‚  â”â” get_instructions_from_instruction [ 3.71Âµs | 0.00% ]
[1;32mINFO    [0m             â”‚        â”‚  â”•â” get_instructions_from_instruction [ 1.46Âµs | 0.00% ]
[1;32mINFO    [0m             â”‚        â”â” get_instructions_from_instructions [ 49.6Âµs | 0.00% / 0.01% ]
[1;32mINFO    [0m             â”‚        â”‚  â”â” get_instructions_from_instruction [ 46.6Âµs | 0.00% / 0.01% ]
[1;32mINFO    [0m             â”‚        â”‚  â”‚  â”•â” get_loop_instructions [ 46.0Âµs | 0.01% ]
[1;32mINFO    [0m             â”‚        â”‚  â”â” get_instructions_from_instruction [ 500ns | 0.00% ]
[1;32mINFO    [0m             â”‚        â”‚  â”•â” get_instructions_from_instruction [ 916ns | 0.00% ]
[1;32mINFO    [0m             â”‚        â”â” get_instructions_from_instructions [ 5.58Âµs | 0.00% / 0.00% ]
[1;32mINFO    [0m             â”‚        â”‚  â”•â” get_instructions_from_instruction [ 5.04Âµs | 0.00% ]
[1;32mINFO    [0m             â”‚        â”â” get_instructions_from_instructions [ 1.96Âµs | 0.00% / 0.00% ]
[1;32mINFO    [0m             â”‚        â”‚  â”•â” get_instructions_from_instruction [ 1.42Âµs | 0.00% ]
[1;32mINFO    [0m             â”‚        â”â” get_instructions_from_instructions [ 41.0ns | 0.00% ]
[1;32mINFO    [0m             â”‚        â”â” get_instructions_from_instructions [ 9.67Âµs | 0.00% / 0.00% ]
[1;32mINFO    [0m             â”‚        â”‚  â”â” get_instructions_from_instruction [ 1.12Âµs | 0.00% ]
[1;32mINFO    [0m             â”‚        â”‚  â”â” get_instructions_from_instruction [ 750ns | 0.00% ]
[1;32mINFO    [0m             â”‚        â”‚  â”â” get_instructions_from_instruction [ 1.12Âµs | 0.00% ]
[1;32mINFO    [0m             â”‚        â”‚  â”â” get_instructions_from_instruction [ 541ns | 0.00% ]
[1;32mINFO    [0m             â”‚        â”‚  â”â” get_instructions_from_instruction [ 2.62Âµs | 0.00% ]
[1;32mINFO    [0m             â”‚        â”‚  â”•â” get_instructions_from_instruction [ 916ns | 0.00% ]
[1;32mINFO    [0m             â”‚        â”â” get_instructions_from_instructions [ 1.75Âµs | 0.00% / 0.00% ]
[1;32mINFO    [0m             â”‚        â”‚  â”•â” get_instructions_from_instruction [ 1.25Âµs | 0.00% ]
[1;32mINFO    [0m             â”‚        â”â” get_instructions_from_instructions [ 17.0Âµs | 0.00% / 0.00% ]
[1;32mINFO    [0m             â”‚        â”‚  â”•â” get_instructions_from_instruction [ 16.5Âµs | 0.00% / 0.00% ]
[1;32mINFO    [0m             â”‚        â”‚     â”•â” get_loop_instructions [ 16.0Âµs | 0.00% ]
[1;32mINFO    [0m             â”‚        â”â” get_instructions_from_instructions [ 4.42Âµs | 0.00% / 0.00% ]
[1;32mINFO    [0m             â”‚        â”‚  â”â” get_instructions_from_instruction [ 958ns | 0.00% ]
[1;32mINFO    [0m             â”‚        â”‚  â”â” get_instructions_from_instruction [ 1.38Âµs | 0.00% ]
[1;32mINFO    [0m             â”‚        â”‚  â”•â” get_instructions_from_instruction [ 833ns | 0.00% ]
[1;32mINFO    [0m             â”‚        â”â” get_instructions_from_instructions [ 2.29Âµs | 0.00% / 0.00% ]
[1;32mINFO    [0m             â”‚        â”‚  â”•â” get_instructions_from_instruction [ 1.75Âµs | 0.00% ]
[1;32mINFO    [0m             â”‚        â”â” get_instructions_from_instructions [ 2.58Âµs | 0.00% / 0.00% ]
[1;32mINFO    [0m             â”‚        â”‚  â”•â” get_instructions_from_instruction [ 2.00Âµs | 0.00% ]
[1;32mINFO    [0m             â”‚        â”â” get_instructions_from_instructions [ 2.88Âµs | 0.00% / 0.00% ]
[1;32mINFO    [0m             â”‚        â”‚  â”â” get_instructions_from_instruction [ 1.00Âµs | 0.00% ]
[1;32mINFO    [0m             â”‚        â”‚  â”•â” get_instructions_from_instruction [ 875ns | 0.00% ]
[1;32mINFO    [0m             â”‚        â”â” get_instructions_from_instructions [ 20.2Âµs | 0.00% / 0.00% ]
[1;32mINFO    [0m             â”‚        â”‚  â”•â” get_instructions_from_instruction [ 19.7Âµs | 0.00% / 0.00% ]
[1;32mINFO    [0m             â”‚        â”‚     â”•â” get_loop_instructions [ 19.2Âµs | 0.00% ]
[1;32mINFO    [0m             â”‚        â”â” get_instructions_from_instructions [ 2.58Âµs | 0.00% / 0.00% ]
[1;32mINFO    [0m             â”‚        â”‚  â”â” get_instructions_from_instruction [ 791ns | 0.00% ]
[1;32mINFO    [0m             â”‚        â”‚  â”•â” get_instructions_from_instruction [ 916ns | 0.00% ]
[1;32mINFO    [0m             â”‚        â”â” get_instructions_from_instructions [ 19.7Âµs | 0.00% / 0.00% ]
[1;32mINFO    [0m             â”‚        â”‚  â”•â” get_instructions_from_instruction [ 19.2Âµs | 0.00% / 0.00% ]
[1;32mINFO    [0m             â”‚        â”‚     â”•â” get_loop_instructions [ 18.6Âµs | 0.00% ]
[1;32mINFO    [0m             â”‚        â”â” get_instructions_from_instructions [ 2.71Âµs | 0.00% / 0.00% ]
[1;32mINFO    [0m             â”‚        â”‚  â”â” get_instructions_from_instruction [ 708ns | 0.00% ]
[1;32mINFO    [0m             â”‚        â”‚  â”•â” get_instructions_from_instruction [ 1.08Âµs | 0.00% ]
[1;32mINFO    [0m             â”‚        â”â” get_instructions_from_instructions [ 18.9Âµs | 0.00% / 0.00% ]
[1;32mINFO    [0m             â”‚        â”‚  â”•â” get_instructions_from_instruction [ 18.5Âµs | 0.00% / 0.00% ]
[1;32mINFO    [0m             â”‚        â”‚     â”•â” get_loop_instructions [ 18.0Âµs | 0.00% ]
[1;32mINFO    [0m             â”‚        â”â” get_simple_instruction [ 7.46Âµs | 0.00% ]
[1;32mINFO    [0m             â”‚        â”â” get_instructions_from_instructions [ 2.75Âµs | 0.00% / 0.00% ]
[1;32mINFO    [0m             â”‚        â”‚  â”â” get_instructions_from_instruction [ 625ns | 0.00% ]
[1;32mINFO    [0m             â”‚        â”‚  â”•â” get_instructions_from_instruction [ 1.17Âµs | 0.00% ]
[1;32mINFO    [0m             â”‚        â”â” get_simple_instruction [ 6.71Âµs | 0.00% ]
[1;32mINFO    [0m             â”‚        â”â” get_instructions_from_instructions [ 83.0ns | 0.00% ]
[1;32mINFO    [0m             â”‚        â”â” get_instructions_from_instructions [ 4.29Âµs | 0.00% / 0.00% ]
[1;32mINFO    [0m             â”‚        â”‚  â”â” get_instructions_from_instruction [ 375ns | 0.00% ]
[1;32mINFO    [0m             â”‚        â”‚  â”â” get_instructions_from_instruction [ 541ns | 0.00% ]
[1;32mINFO    [0m             â”‚        â”‚  â”â” get_instructions_from_instruction [ 333ns | 0.00% ]
[1;32mINFO    [0m             â”‚        â”‚  â”â” get_instructions_from_instruction [ 375ns | 0.00% ]
[1;32mINFO    [0m             â”‚        â”‚  â”•â” get_instructions_from_instruction [ 333ns | 0.00% ]
[1;32mINFO    [0m             â”‚        â”â” get_instructions_from_instructions [ 83.0ns | 0.00% ]
[1;32mINFO    [0m             â”‚        â”â” get_simple_instruction [ 34.5Âµs | 0.01% ]
[1;32mINFO    [0m             â”‚        â”â” get_instructions_from_instructions [ 3.46Âµs | 0.00% / 0.00% ]
[1;32mINFO    [0m             â”‚        â”‚  â”•â” get_instructions_from_instruction [ 2.96Âµs | 0.00% ]
[1;32mINFO    [0m             â”‚        â”â” get_simple_instruction [ 31.3Âµs | 0.01% ]
[1;32mINFO    [0m             â”‚        â”â” get_instructions_from_instructions [ 4.04Âµs | 0.00% / 0.00% ]
[1;32mINFO    [0m             â”‚        â”‚  â”•â” get_instructions_from_instruction [ 3.50Âµs | 0.00% ]
[1;32mINFO    [0m             â”‚        â”â” get_simple_instruction [ 31.2Âµs | 0.01% ]
[1;32mINFO    [0m             â”‚        â”â” get_instructions_from_instructions [ 3.29Âµs | 0.00% / 0.00% ]
[1;32mINFO    [0m             â”‚        â”‚  â”•â” get_instructions_from_instruction [ 2.79Âµs | 0.00% ]
[1;32mINFO    [0m             â”‚        â”â” get_simple_instruction [ 30.6Âµs | 0.01% ]
[1;32mINFO    [0m             â”‚        â”â” get_instructions_from_instructions [ 3.25Âµs | 0.00% / 0.00% ]
[1;32mINFO    [0m             â”‚        â”‚  â”•â” get_instructions_from_instruction [ 2.75Âµs | 0.00% ]
[1;32mINFO    [0m             â”‚        â”â” get_instructions_from_instructions [ 7.17Âµs | 0.00% / 0.00% ]
[1;32mINFO    [0m             â”‚        â”‚  â”â” get_instructions_from_instruction [ 1.17Âµs | 0.00% ]
[1;32mINFO    [0m             â”‚        â”‚  â”â” get_instructions_from_instruction [ 3.33Âµs | 0.00% ]
[1;32mINFO    [0m             â”‚        â”‚  â”•â” get_instructions_from_instruction [ 1.38Âµs | 0.00% ]
[1;32mINFO    [0m             â”‚        â”â” get_instructions_from_instructions [ 39.0Âµs | 0.00% / 0.01% ]
[1;32mINFO    [0m             â”‚        â”‚  â”â” get_instructions_from_instruction [ 36.2Âµs | 0.00% / 0.01% ]
[1;32mINFO    [0m             â”‚        â”‚  â”‚  â”•â” get_loop_instructions [ 35.7Âµs | 0.01% ]
[1;32mINFO    [0m             â”‚        â”‚  â”â” get_instructions_from_instruction [ 500ns | 0.00% ]
[1;32mINFO    [0m             â”‚        â”‚  â”•â” get_instructions_from_instruction [ 875ns | 0.00% ]
[1;32mINFO    [0m             â”‚        â”â” get_instructions_from_instructions [ 5.79Âµs | 0.00% / 0.00% ]
[1;32mINFO    [0m             â”‚        â”‚  â”•â” get_instructions_from_instruction [ 4.83Âµs | 0.00% ]
[1;32mINFO    [0m             â”‚        â”â” get_instructions_from_instructions [ 2.00Âµs | 0.00% / 0.00% ]
[1;32mINFO    [0m             â”‚        â”‚  â”•â” get_instructions_from_instruction [ 1.42Âµs | 0.00% ]
[1;32mINFO    [0m             â”‚        â”â” get_instructions_from_instructions [ 41.0ns | 0.00% ]
[1;32mINFO    [0m             â”‚        â”â” get_instructions_from_instructions [ 10.0Âµs | 0.00% / 0.00% ]
[1;32mINFO    [0m             â”‚        â”‚  â”â” get_instructions_from_instruction [ 791ns | 0.00% ]
[1;32mINFO    [0m             â”‚        â”‚  â”â” get_instructions_from_instruction [ 750ns | 0.00% ]
[1;32mINFO    [0m             â”‚        â”‚  â”â” get_instructions_from_instruction [ 1.21Âµs | 0.00% ]
[1;32mINFO    [0m             â”‚        â”‚  â”â” get_instructions_from_instruction [ 791ns | 0.00% ]
[1;32mINFO    [0m             â”‚        â”‚  â”â” get_instructions_from_instruction [ 2.75Âµs | 0.00% ]
[1;32mINFO    [0m             â”‚        â”‚  â”•â” get_instructions_from_instruction [ 1.00Âµs | 0.00% ]
[1;32mINFO    [0m             â”‚        â”â” get_instructions_from_instructions [ 2.17Âµs | 0.00% / 0.00% ]
[1;32mINFO    [0m             â”‚        â”‚  â”•â” get_instructions_from_instruction [ 1.58Âµs | 0.00% ]
[1;32mINFO    [0m             â”‚        â”â” get_instructions_from_instructions [ 15.0Âµs | 0.00% / 0.00% ]
[1;32mINFO    [0m             â”‚        â”‚  â”•â” get_instructions_from_instruction [ 14.5Âµs | 0.00% / 0.00% ]
[1;32mINFO    [0m             â”‚        â”‚     â”•â” get_loop_instructions [ 14.0Âµs | 0.00% ]
[1;32mINFO    [0m             â”‚        â”â” get_instructions_from_instructions [ 3.92Âµs | 0.00% / 0.00% ]
[1;32mINFO    [0m             â”‚        â”‚  â”â” get_instructions_from_instruction [ 708ns | 0.00% ]
[1;32mINFO    [0m             â”‚        â”‚  â”â” get_instructions_from_instruction [ 1.25Âµs | 0.00% ]
[1;32mINFO    [0m             â”‚        â”‚  â”•â” get_instructions_from_instruction [ 666ns | 0.00% ]
[1;32mINFO    [0m             â”‚        â”â” get_instructions_from_instructions [ 2.46Âµs | 0.00% / 0.00% ]
[1;32mINFO    [0m             â”‚        â”‚  â”•â” get_instructions_from_instruction [ 1.92Âµs | 0.00% ]
[1;32mINFO    [0m             â”‚        â”â” get_instructions_from_instructions [ 2.67Âµs | 0.00% / 0.00% ]
[1;32mINFO    [0m             â”‚        â”‚  â”•â” get_instructions_from_instruction [ 2.08Âµs | 0.00% ]
[1;32mINFO    [0m             â”‚        â”â” get_simple_instruction [ 6.04Âµs | 0.00% ]
[1;32mINFO    [0m             â”‚        â”â” get_instructions_from_instructions [ 3.08Âµs | 0.00% / 0.00% ]
[1;32mINFO    [0m             â”‚        â”‚  â”â” get_instructions_from_instruction [ 1.00Âµs | 0.00% ]
[1;32mINFO    [0m             â”‚        â”‚  â”•â” get_instructions_from_instruction [ 1.17Âµs | 0.00% ]
[1;32mINFO    [0m             â”‚        â”â” get_instructions_from_instructions [ 1.21Âµs | 0.00% / 0.00% ]
[1;32mINFO    [0m             â”‚        â”‚  â”•â” get_instructions_from_instruction [ 666ns | 0.00% ]
[1;32mINFO    [0m             â”‚        â”â” get_simple_instruction [ 4.67Âµs | 0.00% ]
[1;32mINFO    [0m             â”‚        â”â” get_simple_instruction [ 5.00Âµs | 0.00% ]
[1;32mINFO    [0m             â”‚        â”â” get_instructions_from_instructions [ 2.71Âµs | 0.00% / 0.00% ]
[1;32mINFO    [0m             â”‚        â”‚  â”â” get_instructions_from_instruction [ 750ns | 0.00% ]
[1;32mINFO    [0m             â”‚        â”‚  â”•â” get_instructions_from_instruction [ 1.04Âµs | 0.00% ]
[1;32mINFO    [0m             â”‚        â”â” get_simple_instruction [ 5.75Âµs | 0.00% ]
[1;32mINFO    [0m             â”‚        â”â” get_simple_instruction [ 14.2Âµs | 0.00% ]
[1;32mINFO    [0m             â”‚        â”â” get_instructions_from_instructions [ 9.79Âµs | 0.00% / 0.00% ]
[1;32mINFO    [0m             â”‚        â”‚  â”â” get_instructions_from_instruction [ 3.21Âµs | 0.00% ]
[1;32mINFO    [0m             â”‚        â”‚  â”â” get_instructions_from_instruction [ 2.71Âµs | 0.00% ]
[1;32mINFO    [0m             â”‚        â”‚  â”•â” get_instructions_from_instruction [ 2.58Âµs | 0.00% ]
[1;32mINFO    [0m             â”‚        â”â” get_simple_instruction [ 3.75Âµs | 0.00% ]
[1;32mINFO    [0m             â”‚        â”â” get_simple_instruction [ 4.71Âµs | 0.00% ]
[1;32mINFO    [0m             â”‚        â”â” get_instructions_from_instructions [ 11.0Âµs | 0.00% / 0.00% ]
[1;32mINFO    [0m             â”‚        â”‚  â”â” get_instructions_from_instruction [ 541ns | 0.00% ]
[1;32mINFO    [0m             â”‚        â”‚  â”•â” get_instructions_from_instruction [ 9.46Âµs | 0.00% ]
[1;32mINFO    [0m             â”‚        â”â” get_simple_instruction [ 6.25Âµs | 0.00% ]
[1;32mINFO    [0m             â”‚        â”â” get_simple_instruction [ 13.3Âµs | 0.00% ]
[1;32mINFO    [0m             â”‚        â”â” get_instructions_from_instructions [ 10.3Âµs | 0.00% / 0.00% ]
[1;32mINFO    [0m             â”‚        â”‚  â”â” get_instructions_from_instruction [ 2.12Âµs | 0.00% ]
[1;32mINFO    [0m             â”‚        â”‚  â”â” get_instructions_from_instruction [ 3.04Âµs | 0.00% ]
[1;32mINFO    [0m             â”‚        â”‚  â”•â” get_instructions_from_instruction [ 3.88Âµs | 0.00% ]
[1;32mINFO    [0m             â”‚        â”â” get_simple_instruction [ 3.71Âµs | 0.00% ]
[1;32mINFO    [0m             â”‚        â”â” get_simple_instruction [ 4.38Âµs | 0.00% ]
[1;32mINFO    [0m             â”‚        â”â” get_instructions_from_instructions [ 2.58Âµs | 0.00% / 0.00% ]
[1;32mINFO    [0m             â”‚        â”‚  â”â” get_instructions_from_instruction [ 583ns | 0.00% ]
[1;32mINFO    [0m             â”‚        â”‚  â”•â” get_instructions_from_instruction [ 1.08Âµs | 0.00% ]
[1;32mINFO    [0m             â”‚        â”â” get_instructions_from_instructions [ 41.0ns | 0.00% ]
[1;32mINFO    [0m             â”‚        â”â” get_instructions_from_instructions [ 2.29Âµs | 0.00% / 0.00% ]
[1;32mINFO    [0m             â”‚        â”‚  â”â” get_instructions_from_instruction [ 1.00Âµs | 0.00% ]
[1;32mINFO    [0m             â”‚        â”‚  â”•â” get_instructions_from_instruction [ 333ns | 0.00% ]
[1;32mINFO    [0m             â”‚        â”â” get_instructions_from_instructions [ 875ns | 0.00% / 0.00% ]
[1;32mINFO    [0m             â”‚        â”‚  â”•â” get_instructions_from_instruction [ 333ns | 0.00% ]
[1;32mINFO    [0m             â”‚        â”â” get_instructions_from_instructions [ 3.83Âµs | 0.00% / 0.00% ]
[1;32mINFO    [0m             â”‚        â”‚  â”â” get_instructions_from_instruction [ 1.25Âµs | 0.00% ]
[1;32mINFO    [0m             â”‚        â”‚  â”•â” get_instructions_from_instruction [ 1.71Âµs | 0.00% ]
[1;32mINFO    [0m             â”‚        â”â” get_instructions_from_instructions [ 3.79Âµs | 0.00% / 0.00% ]
[1;32mINFO    [0m             â”‚        â”‚  â”â” get_instructions_from_instruction [ 1.12Âµs | 0.00% ]
[1;32mINFO    [0m             â”‚        â”‚  â”•â” get_instructions_from_instruction [ 1.75Âµs | 0.00% ]
[1;32mINFO    [0m             â”‚        â”â” get_instructions_from_instructions [ 3.71Âµs | 0.00% / 0.00% ]
[1;32mINFO    [0m             â”‚        â”‚  â”â” get_instructions_from_instruction [ 1.29Âµs | 0.00% ]
[1;32mINFO    [0m             â”‚        â”‚  â”•â” get_instructions_from_instruction [ 1.58Âµs | 0.00% ]
[1;32mINFO    [0m             â”‚        â”â” get_instructions_from_instructions [ 5.08Âµs | 0.00% / 0.00% ]
[1;32mINFO    [0m             â”‚        â”‚  â”â” get_instructions_from_instruction [ 1.50Âµs | 0.00% ]
[1;32mINFO    [0m             â”‚        â”‚  â”•â” get_instructions_from_instruction [ 2.50Âµs | 0.00% ]
[1;32mINFO    [0m             â”‚        â”â” get_instructions_from_instructions [ 1.29Âµs | 0.00% / 0.00% ]
[1;32mINFO    [0m             â”‚        â”‚  â”•â” get_instructions_from_instruction [ 708ns | 0.00% ]
[1;32mINFO    [0m             â”‚        â”â” get_instructions_from_instructions [ 5.33Âµs | 0.00% / 0.00% ]
[1;32mINFO    [0m             â”‚        â”‚  â”â” get_instructions_from_instruction [ 1.67Âµs | 0.00% ]
[1;32mINFO    [0m             â”‚        â”‚  â”â” get_instructions_from_instruction [ 1.25Âµs | 0.00% ]
[1;32mINFO    [0m             â”‚        â”‚  â”•â” get_instructions_from_instruction [ 875ns | 0.00% ]
[1;32mINFO    [0m             â”‚        â”â” get_instructions_from_instructions [ 916ns | 0.00% / 0.00% ]
[1;32mINFO    [0m             â”‚        â”‚  â”•â” get_instructions_from_instruction [ 375ns | 0.00% ]
[1;32mINFO    [0m             â”‚        â”â” get_simple_instruction [ 28.1Âµs | 0.01% ]
[1;32mINFO    [0m             â”‚        â”â” get_instructions_from_instructions [ 3.92Âµs | 0.00% / 0.00% ]
[1;32mINFO    [0m             â”‚        â”‚  â”â” get_instructions_from_instruction [ 1.88Âµs | 0.00% ]
[1;32mINFO    [0m             â”‚        â”‚  â”•â” get_instructions_from_instruction [ 1.12Âµs | 0.00% ]
[1;32mINFO    [0m             â”‚        â”â” get_simple_instruction [ 25.2Âµs | 0.00% ]
[1;32mINFO    [0m             â”‚        â”â” get_instructions_from_instructions [ 4.46Âµs | 0.00% / 0.00% ]
[1;32mINFO    [0m             â”‚        â”‚  â”â” get_instructions_from_instruction [ 2.17Âµs | 0.00% ]
[1;32mINFO    [0m             â”‚        â”‚  â”•â” get_instructions_from_instruction [ 1.04Âµs | 0.00% ]
[1;32mINFO    [0m             â”‚        â”â” get_simple_instruction [ 28.4Âµs | 0.01% ]
[1;32mINFO    [0m             â”‚        â”â” get_instructions_from_instructions [ 3.88Âµs | 0.00% / 0.00% ]
[1;32mINFO    [0m             â”‚        â”‚  â”â” get_instructions_from_instruction [ 1.58Âµs | 0.00% ]
[1;32mINFO    [0m             â”‚        â”‚  â”•â” get_instructions_from_instruction [ 1.29Âµs | 0.00% ]
[1;32mINFO    [0m             â”‚        â”â” get_simple_instruction [ 24.3Âµs | 0.00% ]
[1;32mINFO    [0m             â”‚        â”â” get_instructions_from_instructions [ 3.46Âµs | 0.00% / 0.00% ]
[1;32mINFO    [0m             â”‚        â”‚  â”â” get_instructions_from_instruction [ 1.54Âµs | 0.00% ]
[1;32mINFO    [0m             â”‚        â”‚  â”•â” get_instructions_from_instruction [ 1.00Âµs | 0.00% ]
[1;32mINFO    [0m             â”‚        â”â” get_instructions_from_instructions [ 6.04Âµs | 0.00% / 0.00% ]
[1;32mINFO    [0m             â”‚        â”‚  â”â” get_instructions_from_instruction [ 958ns | 0.00% ]
[1;32mINFO    [0m             â”‚        â”‚  â”•â” get_instructions_from_instruction [ 4.08Âµs | 0.00% ]
[1;32mINFO    [0m             â”‚        â”â” get_instructions_from_instructions [ 14.4Âµs | 0.00% / 0.00% ]
[1;32mINFO    [0m             â”‚        â”‚  â”•â” get_instructions_from_instruction [ 14.0Âµs | 0.00% / 0.00% ]
[1;32mINFO    [0m             â”‚        â”‚     â”•â” get_loop_instructions [ 13.4Âµs | 0.00% ]
[1;32mINFO    [0m             â”‚        â”â” get_instructions_from_instructions [ 83.0ns | 0.00% ]
[1;32mINFO    [0m             â”‚        â”â” get_instructions_from_instructions [ 83.0ns | 0.00% ]
[1;32mINFO    [0m             â”‚        â”â” get_instructions_from_instructions [ 333ns | 0.00% ]
[1;32mINFO    [0m             â”‚        â”â” get_simple_instruction [ 3.12Âµs | 0.00% ]
[1;32mINFO    [0m             â”‚        â”â” get_instructions_from_instructions [ 1.17Âµs | 0.00% / 0.00% ]
[1;32mINFO    [0m             â”‚        â”‚  â”•â” get_instructions_from_instruction [ 625ns | 0.00% ]
[1;32mINFO    [0m             â”‚        â”â” get_instructions_from_instructions [ 3.75Âµs | 0.00% / 0.00% ]
[1;32mINFO    [0m             â”‚        â”‚  â”â” get_instructions_from_instruction [ 1.04Âµs | 0.00% ]
[1;32mINFO    [0m             â”‚        â”‚  â”â” get_instructions_from_instruction [ 833ns | 0.00% ]
[1;32mINFO    [0m             â”‚        â”‚  â”•â” get_instructions_from_instruction [ 541ns | 0.00% ]
[1;32mINFO    [0m             â”‚        â”â” get_instructions_from_instructions [ 1.12Âµs | 0.00% / 0.00% ]
[1;32mINFO    [0m             â”‚        â”‚  â”•â” get_instructions_from_instruction [ 541ns | 0.00% ]
[1;32mINFO    [0m             â”‚        â”â” get_instructions_from_instructions [ 125ns | 0.00% ]
[1;32mINFO    [0m             â”‚        â”â” get_instructions_from_instructions [ 2.62Âµs | 0.00% / 0.00% ]
[1;32mINFO    [0m             â”‚        â”‚  â”â” get_instructions_from_instruction [ 1.08Âµs | 0.00% ]
[1;32mINFO    [0m             â”‚        â”‚  â”•â” get_instructions_from_instruction [ 625ns | 0.00% ]
[1;32mINFO    [0m             â”‚        â”â” get_instructions_from_instructions [ 33.6Âµs | 0.00% / 0.01% ]
[1;32mINFO    [0m             â”‚        â”‚  â”•â” get_instructions_from_instruction [ 33.1Âµs | 0.00% / 0.01% ]
[1;32mINFO    [0m             â”‚        â”‚     â”•â” get_loop_instructions [ 32.5Âµs | 0.01% ]
[1;32mINFO    [0m             â”‚        â”â” get_instructions_from_instructions [ 83.0ns | 0.00% ]
[1;32mINFO    [0m             â”‚        â”â” get_instructions_from_instructions [ 83.0ns | 0.00% ]
[1;32mINFO    [0m             â”‚        â”â” get_instructions_from_instructions [ 83.0ns | 0.00% ]
[1;32mINFO    [0m             â”‚        â”â” get_instructions_from_instructions [ 250ns | 0.00% ]
[1;32mINFO    [0m             â”‚        â”â” get_instructions_from_instructions [ 41.0ns | 0.00% ]
[1;32mINFO    [0m             â”‚        â”â” get_instructions_from_instructions [ 83.0ns | 0.00% ]
[1;32mINFO    [0m             â”‚        â”â” get_instructions_from_instructions [ 41.0ns | 0.00% ]
[1;32mINFO    [0m             â”‚        â”â” get_instructions_from_instructions [ 1.17Âµs | 0.00% / 0.00% ]
[1;32mINFO    [0m             â”‚        â”‚  â”•â” get_instructions_from_instruction [ 625ns | 0.00% ]
[1;32mINFO    [0m             â”‚        â”â” get_simple_instruction [ 5.79Âµs | 0.00% ]
[1;32mINFO    [0m             â”‚        â”â” get_simple_instruction [ 5.21Âµs | 0.00% ]
[1;32mINFO    [0m             â”‚        â”â” get_instructions_from_instructions [ 2.83Âµs | 0.00% / 0.00% ]
[1;32mINFO    [0m             â”‚        â”‚  â”â” get_instructions_from_instruction [ 750ns | 0.00% ]
[1;32mINFO    [0m             â”‚        â”‚  â”•â” get_instructions_from_instruction [ 1.17Âµs | 0.00% ]
[1;32mINFO    [0m             â”‚        â”â” get_simple_instruction [ 6.29Âµs | 0.00% ]
[1;32mINFO    [0m             â”‚        â”â” get_simple_instruction [ 14.1Âµs | 0.00% ]
[1;32mINFO    [0m             â”‚        â”â” get_instructions_from_instructions [ 8.96Âµs | 0.00% / 0.00% ]
[1;32mINFO    [0m             â”‚        â”‚  â”â” get_instructions_from_instruction [ 2.08Âµs | 0.00% ]
[1;32mINFO    [0m             â”‚        â”‚  â”â” get_instructions_from_instruction [ 3.04Âµs | 0.00% ]
[1;32mINFO    [0m             â”‚        â”‚  â”•â” get_instructions_from_instruction [ 2.50Âµs | 0.00% ]
[1;32mINFO    [0m             â”‚        â”â” get_simple_instruction [ 4.04Âµs | 0.00% ]
[1;32mINFO    [0m             â”‚        â”â” get_simple_instruction [ 4.83Âµs | 0.00% ]
[1;32mINFO    [0m             â”‚        â”â” get_instructions_from_instructions [ 2.62Âµs | 0.00% / 0.00% ]
[1;32mINFO    [0m             â”‚        â”‚  â”â” get_instructions_from_instruction [ 625ns | 0.00% ]
[1;32mINFO    [0m             â”‚        â”‚  â”•â” get_instructions_from_instruction [ 1.08Âµs | 0.00% ]
[1;32mINFO    [0m             â”‚        â”â” get_simple_instruction [ 5.29Âµs | 0.00% ]
[1;32mINFO    [0m             â”‚        â”â” get_simple_instruction [ 13.4Âµs | 0.00% ]
[1;32mINFO    [0m             â”‚        â”â” get_instructions_from_instructions [ 11.1Âµs | 0.00% / 0.00% ]
[1;32mINFO    [0m             â”‚        â”‚  â”â” get_instructions_from_instruction [ 1.88Âµs | 0.00% ]
[1;32mINFO    [0m             â”‚        â”‚  â”â” get_instructions_from_instruction [ 4.96Âµs | 0.00% ]
[1;32mINFO    [0m             â”‚        â”‚  â”•â” get_instructions_from_instruction [ 2.96Âµs | 0.00% ]
[1;32mINFO    [0m             â”‚        â”â” get_simple_instruction [ 3.88Âµs | 0.00% ]
[1;32mINFO    [0m             â”‚        â”â” get_simple_instruction [ 4.50Âµs | 0.00% ]
[1;32mINFO    [0m             â”‚        â”â” get_instructions_from_instructions [ 2.96Âµs | 0.00% / 0.00% ]
[1;32mINFO    [0m             â”‚        â”‚  â”â” get_instructions_from_instruction [ 791ns | 0.00% ]
[1;32mINFO    [0m             â”‚        â”‚  â”•â” get_instructions_from_instruction [ 1.17Âµs | 0.00% ]
[1;32mINFO    [0m             â”‚        â”â” get_instructions_from_instructions [ 3.29Âµs | 0.00% / 0.00% ]
[1;32mINFO    [0m             â”‚        â”‚  â”â” get_instructions_from_instruction [ 1.04Âµs | 0.00% ]
[1;32mINFO    [0m             â”‚        â”‚  â”•â” get_instructions_from_instruction [ 1.33Âµs | 0.00% ]
[1;32mINFO    [0m             â”‚        â”â” get_instructions_from_instructions [ 4.04Âµs | 0.00% / 0.00% ]
[1;32mINFO    [0m             â”‚        â”‚  â”â” get_instructions_from_instruction [ 1.21Âµs | 0.00% ]
[1;32mINFO    [0m             â”‚        â”‚  â”•â” get_instructions_from_instruction [ 1.92Âµs | 0.00% ]
[1;32mINFO    [0m             â”‚        â”â” get_instructions_from_instructions [ 3.83Âµs | 0.00% / 0.00% ]
[1;32mINFO    [0m             â”‚        â”‚  â”â” get_instructions_from_instruction [ 1.17Âµs | 0.00% ]
[1;32mINFO    [0m             â”‚        â”‚  â”•â” get_instructions_from_instruction [ 1.75Âµs | 0.00% ]
[1;32mINFO    [0m             â”‚        â”â” get_instructions_from_instructions [ 3.21Âµs | 0.00% / 0.00% ]
[1;32mINFO    [0m             â”‚        â”‚  â”â” get_instructions_from_instruction [ 1.00Âµs | 0.00% ]
[1;32mINFO    [0m             â”‚        â”‚  â”•â” get_instructions_from_instruction [ 1.25Âµs | 0.00% ]
[1;32mINFO    [0m             â”‚        â”â” get_instructions_from_instructions [ 4.12Âµs | 0.00% / 0.00% ]
[1;32mINFO    [0m             â”‚        â”‚  â”â” get_instructions_from_instruction [ 1.08Âµs | 0.00% ]
[1;32mINFO    [0m             â”‚        â”‚  â”â” get_instructions_from_instruction [ 1.29Âµs | 0.00% ]
[1;32mINFO    [0m             â”‚        â”‚  â”•â” get_instructions_from_instruction [ 583ns | 0.00% ]
[1;32mINFO    [0m             â”‚        â”â” get_instructions_from_instructions [ 958ns | 0.00% / 0.00% ]
[1;32mINFO    [0m             â”‚        â”‚  â”•â” get_instructions_from_instruction [ 375ns | 0.00% ]
[1;32mINFO    [0m             â”‚        â”â” get_simple_instruction [ 27.8Âµs | 0.01% ]
[1;32mINFO    [0m             â”‚        â”â” get_instructions_from_instructions [ 3.46Âµs | 0.00% / 0.00% ]
[1;32mINFO    [0m             â”‚        â”‚  â”â” get_instructions_from_instruction [ 1.71Âµs | 0.00% ]
[1;32mINFO    [0m             â”‚        â”‚  â”•â” get_instructions_from_instruction [ 875ns | 0.00% ]
[1;32mINFO    [0m             â”‚        â”â” get_simple_instruction [ 24.6Âµs | 0.00% ]
[1;32mINFO    [0m             â”‚        â”â” get_instructions_from_instructions [ 3.25Âµs | 0.00% / 0.00% ]
[1;32mINFO    [0m             â”‚        â”‚  â”â” get_instructions_from_instruction [ 1.46Âµs | 0.00% ]
[1;32mINFO    [0m             â”‚        â”‚  â”•â” get_instructions_from_instruction [ 916ns | 0.00% ]
[1;32mINFO    [0m             â”‚        â”â” get_simple_instruction [ 24.5Âµs | 0.00% ]
[1;32mINFO    [0m             â”‚        â”â” get_instructions_from_instructions [ 3.67Âµs | 0.00% / 0.00% ]
[1;32mINFO    [0m             â”‚        â”‚  â”â” get_instructions_from_instruction [ 1.79Âµs | 0.00% ]
[1;32mINFO    [0m             â”‚        â”‚  â”•â” get_instructions_from_instruction [ 1.08Âµs | 0.00% ]
[1;32mINFO    [0m             â”‚        â”â” get_simple_instruction [ 24.0Âµs | 0.00% ]
[1;32mINFO    [0m             â”‚        â”â” get_instructions_from_instructions [ 3.83Âµs | 0.00% / 0.00% ]
[1;32mINFO    [0m             â”‚        â”‚  â”â” get_instructions_from_instruction [ 1.67Âµs | 0.00% ]
[1;32mINFO    [0m             â”‚        â”‚  â”•â” get_instructions_from_instruction [ 1.29Âµs | 0.00% ]
[1;32mINFO    [0m             â”‚        â”â” get_instructions_from_instructions [ 5.29Âµs | 0.00% / 0.00% ]
[1;32mINFO    [0m             â”‚        â”‚  â”â” get_instructions_from_instruction [ 875ns | 0.00% ]
[1;32mINFO    [0m             â”‚        â”‚  â”•â” get_instructions_from_instruction [ 3.50Âµs | 0.00% ]
[1;32mINFO    [0m             â”‚        â”â” get_instructions_from_instructions [ 14.8Âµs | 0.00% / 0.00% ]
[1;32mINFO    [0m             â”‚        â”‚  â”•â” get_instructions_from_instruction [ 14.2Âµs | 0.00% / 0.00% ]
[1;32mINFO    [0m             â”‚        â”‚     â”•â” get_loop_instructions [ 13.5Âµs | 0.00% ]
[1;32mINFO    [0m             â”‚        â”â” get_instructions_from_instructions [ 83.0ns | 0.00% ]
[1;32mINFO    [0m             â”‚        â”â” get_instructions_from_instructions [ 83.0ns | 0.00% ]
[1;32mINFO    [0m             â”‚        â”â” get_instructions_from_instructions [ 83.0ns | 0.00% ]
[1;32mINFO    [0m             â”‚        â”â” get_simple_instruction [ 3.00Âµs | 0.00% ]
[1;32mINFO    [0m             â”‚        â”â” get_instructions_from_instructions [ 1.21Âµs | 0.00% / 0.00% ]
[1;32mINFO    [0m             â”‚        â”‚  â”•â” get_instructions_from_instruction [ 666ns | 0.00% ]
[1;32mINFO    [0m             â”‚        â”â” get_instructions_from_instructions [ 1.04Âµs | 0.00% / 0.00% ]
[1;32mINFO    [0m             â”‚        â”‚  â”•â” get_instructions_from_instruction [ 500ns | 0.00% ]
[1;32mINFO    [0m             â”‚        â”â” get_instructions_from_instructions [ 208ns | 0.00% ]
[1;32mINFO    [0m             â”‚        â”â” get_instructions_from_instructions [ 2.54Âµs | 0.00% / 0.00% ]
[1;32mINFO    [0m             â”‚        â”‚  â”â” get_instructions_from_instruction [ 708ns | 0.00% ]
[1;32mINFO    [0m             â”‚        â”‚  â”•â” get_instructions_from_instruction [ 666ns | 0.00% ]
[1;32mINFO    [0m             â”‚        â”â” get_instructions_from_instructions [ 35.4Âµs | 0.00% / 0.01% ]
[1;32mINFO    [0m             â”‚        â”‚  â”•â” get_instructions_from_instruction [ 34.8Âµs | 0.00% / 0.01% ]
[1;32mINFO    [0m             â”‚        â”‚     â”•â” get_loop_instructions [ 34.2Âµs | 0.01% ]
[1;32mINFO    [0m             â”‚        â”â” get_instructions_from_instructions [ 1.25Âµs | 0.00% / 0.00% ]
[1;32mINFO    [0m             â”‚        â”‚  â”•â” get_instructions_from_instruction [ 708ns | 0.00% ]
[1;32mINFO    [0m             â”‚        â”â” get_instructions_from_instructions [ 1.12Âµs | 0.00% / 0.00% ]
[1;32mINFO    [0m             â”‚        â”‚  â”•â” get_instructions_from_instruction [ 583ns | 0.00% ]
[1;32mINFO    [0m             â”‚        â”â” get_instructions_from_instructions [ 41.0ns | 0.00% ]
[1;32mINFO    [0m             â”‚        â”â” get_instructions_from_instructions [ 83.0ns | 0.00% ]
[1;32mINFO    [0m             â”‚        â”â” get_instructions_from_instructions [ 1.08Âµs | 0.00% / 0.00% ]
[1;32mINFO    [0m             â”‚        â”‚  â”•â” get_instructions_from_instruction [ 541ns | 0.00% ]
[1;32mINFO    [0m             â”‚        â”â” get_instructions_from_instructions [ 875ns | 0.00% ]
[1;32mINFO    [0m             â”‚        â”â” get_instructions_from_instructions [ 125ns | 0.00% ]
[1;32mINFO    [0m             â”‚        â”â” get_instructions_from_instructions [ 125ns | 0.00% ]
[1;32mINFO    [0m             â”‚        â”â” get_instructions_from_instructions [ 1.79Âµs | 0.00% / 0.00% ]
[1;32mINFO    [0m             â”‚        â”‚  â”•â” get_instructions_from_instruction [ 1.00Âµs | 0.00% ]
[1;32mINFO    [0m             â”‚        â”â” get_instructions_from_instructions [ 83.0ns | 0.00% ]
[1;32mINFO    [0m             â”‚        â”â” get_instructions_from_instructions [ 83.0ns | 0.00% ]
[1;32mINFO    [0m             â”‚        â”â” get_instructions_from_instructions [ 83.0ns | 0.00% ]
[1;32mINFO    [0m             â”‚        â”â” get_instructions_from_instructions [ 1.17Âµs | 0.00% / 0.00% ]
[1;32mINFO    [0m             â”‚        â”‚  â”•â” get_instructions_from_instruction [ 500ns | 0.00% ]
[1;32mINFO    [0m             â”‚        â”â” get_instructions_from_instructions [ 41.0ns | 0.00% ]
[1;32mINFO    [0m             â”‚        â”â” get_simple_instruction [ 30.2Âµs | 0.01% ]
[1;32mINFO    [0m             â”‚        â”â” get_instructions_from_instructions [ 125ns | 0.00% ]
[1;32mINFO    [0m             â”‚        â”â” get_instructions_from_instructions [ 1.88Âµs | 0.00% / 0.00% ]
[1;32mINFO    [0m             â”‚        â”‚  â”•â” get_instructions_from_instruction [ 1.12Âµs | 0.00% ]
[1;32mINFO    [0m             â”‚        â”â” get_instructions_from_instructions [ 83.0ns | 0.00% ]
[1;32mINFO    [0m             â”‚        â”â” get_instructions_from_instructions [ 1.88Âµs | 0.00% / 0.00% ]
[1;32mINFO    [0m             â”‚        â”‚  â”•â” get_instructions_from_instruction [ 1.25Âµs | 0.00% ]
[1;32mINFO    [0m             â”‚        â”â” get_instructions_from_instructions [ 83.0ns | 0.00% ]
[1;32mINFO    [0m             â”‚        â”â” get_instructions_from_instructions [ 1.75Âµs | 0.00% / 0.00% ]
[1;32mINFO    [0m             â”‚        â”‚  â”•â” get_instructions_from_instruction [ 1.17Âµs | 0.00% ]
[1;32mINFO    [0m             â”‚        â”â” get_instructions_from_instructions [ 83.0ns | 0.00% ]
[1;32mINFO    [0m             â”‚        â”â” get_instructions_from_instructions [ 1.38Âµs | 0.00% / 0.00% ]
[1;32mINFO    [0m             â”‚        â”‚  â”•â” get_instructions_from_instruction [ 833ns | 0.00% ]
[1;32mINFO    [0m             â”‚        â”â” get_instructions_from_instructions [ 41.0ns | 0.00% ]
[1;32mINFO    [0m             â”‚        â”â” get_instructions_from_instructions [ 41.0ns | 0.00% ]
[1;32mINFO    [0m             â”‚        â”â” get_simple_instruction [ 3.29Âµs | 0.00% ]
[1;32mINFO    [0m             â”‚        â”â” get_instructions_from_instructions [ 1.29Âµs | 0.00% / 0.00% ]
[1;32mINFO    [0m             â”‚        â”‚  â”•â” get_instructions_from_instruction [ 750ns | 0.00% ]
[1;32mINFO    [0m             â”‚        â”â” get_simple_instruction [ 23.8Âµs | 0.00% ]
[1;32mINFO    [0m             â”‚        â”â” get_instructions_from_instructions [ 83.0ns | 0.00% ]
[1;32mINFO    [0m             â”‚        â”â” get_instructions_from_instructions [ 83.0ns | 0.00% ]
[1;32mINFO    [0m             â”‚        â”â” get_instructions_from_instructions [ 41.0ns | 0.00% ]
[1;32mINFO    [0m             â”‚        â”â” get_instructions_from_instructions [ 41.0ns | 0.00% ]
[1;32mINFO    [0m             â”‚        â”â” get_instructions_from_instructions [ 41.0ns | 0.00% ]
[1;32mINFO    [0m             â”‚        â”â” get_instructions_from_instructions [ 4.25Âµs | 0.00% / 0.00% ]
[1;32mINFO    [0m             â”‚        â”‚  â”â” get_instructions_from_instruction [ 958ns | 0.00% ]
[1;32mINFO    [0m             â”‚        â”‚  â”â” get_instructions_from_instruction [ 1.29Âµs | 0.00% ]
[1;32mINFO    [0m             â”‚        â”‚  â”•â” get_instructions_from_instruction [ 791ns | 0.00% ]
[1;32mINFO    [0m             â”‚        â”â” get_instructions_from_instructions [ 83.0ns | 0.00% ]
[1;32mINFO    [0m             â”‚        â”â” get_instructions_from_instructions [ 83.0ns | 0.00% ]
[1;32mINFO    [0m             â”‚        â”â” get_instructions_from_instructions [ 83.0ns | 0.00% ]
[1;32mINFO    [0m             â”‚        â”â” get_simple_instruction [ 46.8Âµs | 0.01% ]
[1;32mINFO    [0m             â”‚        â”â” get_instructions_from_instructions [ 6.83Âµs | 0.00% / 0.00% ]
[1;32mINFO    [0m             â”‚        â”‚  â”â” get_instructions_from_instruction [ 2.79Âµs | 0.00% ]
[1;32mINFO    [0m             â”‚        â”‚  â”â” get_instructions_from_instruction [ 1.38Âµs | 0.00% ]
[1;32mINFO    [0m             â”‚        â”‚  â”•â” get_instructions_from_instruction [ 1.54Âµs | 0.00% ]
[1;32mINFO    [0m             â”‚        â”â” get_simple_instruction [ 41.8Âµs | 0.01% ]
[1;32mINFO    [0m             â”‚        â”â” get_instructions_from_instructions [ 6.38Âµs | 0.00% / 0.00% ]
[1;32mINFO    [0m             â”‚        â”‚  â”â” get_instructions_from_instruction [ 2.71Âµs | 0.00% ]
[1;32mINFO    [0m             â”‚        â”‚  â”â” get_instructions_from_instruction [ 1.08Âµs | 0.00% ]
[1;32mINFO    [0m             â”‚        â”‚  â”•â” get_instructions_from_instruction [ 1.42Âµs | 0.00% ]
[1;32mINFO    [0m             â”‚        â”â” get_simple_instruction [ 40.7Âµs | 0.01% ]
[1;32mINFO    [0m             â”‚        â”â” get_instructions_from_instructions [ 8.75Âµs | 0.00% / 0.00% ]
[1;32mINFO    [0m             â”‚        â”‚  â”â” get_instructions_from_instruction [ 3.00Âµs | 0.00% ]
[1;32mINFO    [0m             â”‚        â”‚  â”â” get_instructions_from_instruction [ 3.00Âµs | 0.00% ]
[1;32mINFO    [0m             â”‚        â”‚  â”•â” get_instructions_from_instruction [ 1.46Âµs | 0.00% ]
[1;32mINFO    [0m             â”‚        â”â” get_instructions_from_instructions [ 83.0ns | 0.00% ]
[1;32mINFO    [0m             â”‚        â”â” get_instructions_from_instructions [ 1.04Âµs | 0.00% / 0.00% ]
[1;32mINFO    [0m             â”‚        â”‚  â”•â” get_instructions_from_instruction [ 541ns | 0.00% ]
[1;32mINFO    [0m             â”‚        â”â” get_instructions_from_instructions [ 83.0ns | 0.00% ]
[1;32mINFO    [0m             â”‚        â”â” get_instructions_from_instructions [ 41.0ns | 0.00% ]
[1;32mINFO    [0m             â”‚        â”â” get_instructions_from_instructions [ 41.0ns | 0.00% ]
[1;32mINFO    [0m             â”‚        â”â” get_instructions_from_instructions [ 1.12Âµs | 0.00% / 0.00% ]
[1;32mINFO    [0m             â”‚        â”‚  â”•â” get_instructions_from_instruction [ 541ns | 0.00% ]
[1;32mINFO    [0m             â”‚        â”â” get_instructions_from_instructions [ 83.0ns | 0.00% ]
[1;32mINFO    [0m             â”‚        â”â” get_instructions_from_instructions [ 41.0ns | 0.00% ]
[1;32mINFO    [0m             â”‚        â”â” get_instructions_from_instructions [ 83.0ns | 0.00% ]
[1;32mINFO    [0m             â”‚        â”â” get_instructions_from_instructions [ 1.17Âµs | 0.00% / 0.00% ]
[1;32mINFO    [0m             â”‚        â”‚  â”•â” get_instructions_from_instruction [ 458ns | 0.00% ]
[1;32mINFO    [0m             â”‚        â”â” get_instructions_from_instructions [ 41.0ns | 0.00% ]
[1;32mINFO    [0m             â”‚        â”â” get_instructions_from_instructions [ 1.42Âµs | 0.00% / 0.00% ]
[1;32mINFO    [0m             â”‚        â”‚  â”•â” get_instructions_from_instruction [ 916ns | 0.00% ]
[1;32mINFO    [0m             â”‚        â”â” get_instructions_from_instructions [ 41.0ns | 0.00% ]
[1;32mINFO    [0m             â”‚        â”â” get_instructions_from_instructions [ 1.50Âµs | 0.00% / 0.00% ]
[1;32mINFO    [0m             â”‚        â”‚  â”•â” get_instructions_from_instruction [ 958ns | 0.00% ]
[1;32mINFO    [0m             â”‚        â”â” get_instructions_from_instructions [ 41.0ns | 0.00% ]
[1;32mINFO    [0m             â”‚        â”â” get_instructions_from_instructions [ 1.38Âµs | 0.00% / 0.00% ]
[1;32mINFO    [0m             â”‚        â”‚  â”•â” get_instructions_from_instruction [ 875ns | 0.00% ]
[1;32mINFO    [0m             â”‚        â”â” get_instructions_from_instructions [ 41.0ns | 0.00% ]
[1;32mINFO    [0m             â”‚        â”â” get_instructions_from_instructions [ 1.38Âµs | 0.00% / 0.00% ]
[1;32mINFO    [0m             â”‚        â”‚  â”•â” get_instructions_from_instruction [ 875ns | 0.00% ]
[1;32mINFO    [0m             â”‚        â”â” get_instructions_from_instructions [ 41.0ns | 0.00% ]
[1;32mINFO    [0m             â”‚        â”â” get_instructions_from_instructions [ 41.0ns | 0.00% ]
[1;32mINFO    [0m             â”‚        â”â” get_simple_instruction [ 2.83Âµs | 0.00% ]
[1;32mINFO    [0m             â”‚        â”â” get_instructions_from_instructions [ 1.04Âµs | 0.00% / 0.00% ]
[1;32mINFO    [0m             â”‚        â”‚  â”•â” get_instructions_from_instruction [ 541ns | 0.00% ]
[1;32mINFO    [0m             â”‚        â”â” get_simple_instruction [ 24.2Âµs | 0.00% ]
[1;32mINFO    [0m             â”‚        â”â” get_instructions_from_instructions [ 83.0ns | 0.00% ]
[1;32mINFO    [0m             â”‚        â”â” get_instructions_from_instructions [ 41.0ns | 0.00% ]
[1;32mINFO    [0m             â”‚        â”â” get_instructions_from_instructions [ 83.0ns | 0.00% ]
[1;32mINFO    [0m             â”‚        â”â” get_instructions_from_instructions [ 41.0ns | 0.00% ]
[1;32mINFO    [0m             â”‚        â”â” get_instructions_from_instructions [ 41.0ns | 0.00% ]
[1;32mINFO    [0m             â”‚        â”â” get_instructions_from_instructions [ 4.33Âµs | 0.00% / 0.00% ]
[1;32mINFO    [0m             â”‚        â”‚  â”â” get_instructions_from_instruction [ 958ns | 0.00% ]
[1;32mINFO    [0m             â”‚        â”‚  â”â” get_instructions_from_instruction [ 1.33Âµs | 0.00% ]
[1;32mINFO    [0m             â”‚        â”‚  â”•â” get_instructions_from_instruction [ 875ns | 0.00% ]
[1;32mINFO    [0m             â”‚        â”â” get_instructions_from_instructions [ 41.0ns | 0.00% ]
[1;32mINFO    [0m             â”‚        â”â” get_instructions_from_instructions [ 83.0ns | 0.00% ]
[1;32mINFO    [0m             â”‚        â”â” get_instructions_from_instructions [ 41.0ns | 0.00% ]
[1;32mINFO    [0m             â”‚        â”â” get_simple_instruction [ 42.5Âµs | 0.01% ]
[1;32mINFO    [0m             â”‚        â”â” get_instructions_from_instructions [ 7.04Âµs | 0.00% / 0.00% ]
[1;32mINFO    [0m             â”‚        â”‚  â”â” get_instructions_from_instruction [ 2.75Âµs | 0.00% ]
[1;32mINFO    [0m             â”‚        â”‚  â”â” get_instructions_from_instruction [ 1.75Âµs | 0.00% ]
[1;32mINFO    [0m             â”‚        â”‚  â”•â” get_instructions_from_instruction [ 1.29Âµs | 0.00% ]
[1;32mINFO    [0m             â”‚        â”â” get_simple_instruction [ 39.9Âµs | 0.01% ]
[1;32mINFO    [0m             â”‚        â”â” get_instructions_from_instructions [ 6.21Âµs | 0.00% / 0.00% ]
[1;32mINFO    [0m             â”‚        â”‚  â”â” get_instructions_from_instruction [ 2.46Âµs | 0.00% ]
[1;32mINFO    [0m             â”‚        â”‚  â”â” get_instructions_from_instruction [ 1.29Âµs | 0.00% ]
[1;32mINFO    [0m             â”‚        â”‚  â”•â” get_instructions_from_instruction [ 1.29Âµs | 0.00% ]
[1;32mINFO    [0m             â”‚        â”â” get_simple_instruction [ 38.9Âµs | 0.01% ]
[1;32mINFO    [0m             â”‚        â”â” get_instructions_from_instructions [ 6.54Âµs | 0.00% / 0.00% ]
[1;32mINFO    [0m             â”‚        â”‚  â”â” get_instructions_from_instruction [ 2.54Âµs | 0.00% ]
[1;32mINFO    [0m             â”‚        â”‚  â”â” get_instructions_from_instruction [ 1.25Âµs | 0.00% ]
[1;32mINFO    [0m             â”‚        â”‚  â”•â” get_instructions_from_instruction [ 1.62Âµs | 0.00% ]
[1;32mINFO    [0m             â”‚        â”â” get_instructions_from_instructions [ 83.0ns | 0.00% ]
[1;32mINFO    [0m             â”‚        â”â” get_simple_instruction [ 6.29Âµs | 0.00% ]
[1;32mINFO    [0m             â”‚        â”â” get_instructions_from_instructions [ 83.0ns | 0.00% ]
[1;32mINFO    [0m             â”‚        â”â” get_simple_instruction [ 5.67Âµs | 0.00% ]
[1;32mINFO    [0m             â”‚        â”â” get_instructions_from_instructions [ 83.0ns | 0.00% ]
[1;32mINFO    [0m             â”‚        â”â” get_simple_instruction [ 5.08Âµs | 0.00% ]
[1;32mINFO    [0m             â”‚        â”â” get_instructions_from_instructions [ 83.0ns | 0.00% ]
[1;32mINFO    [0m             â”‚        â”â” get_instructions_from_instructions [ 41.0ns | 0.00% ]
[1;32mINFO    [0m             â”‚        â”â” get_instructions_from_instructions [ 2.21Âµs | 0.00% / 0.00% ]
[1;32mINFO    [0m             â”‚        â”‚  â”•â” get_instructions_from_instruction [ 1.67Âµs | 0.00% ]
[1;32mINFO    [0m             â”‚        â”â” get_instructions_from_instructions [ 2.25Âµs | 0.00% / 0.00% ]
[1;32mINFO    [0m             â”‚        â”‚  â”•â” get_instructions_from_instruction [ 1.71Âµs | 0.00% ]
[1;32mINFO    [0m             â”‚        â”â” get_instructions_from_instructions [ 2.46Âµs | 0.00% / 0.00% ]
[1;32mINFO    [0m             â”‚        â”‚  â”•â” get_instructions_from_instruction [ 1.92Âµs | 0.00% ]
[1;32mINFO    [0m             â”‚        â”â” get_simple_instruction [ 5.71Âµs | 0.00% ]
[1;32mINFO    [0m             â”‚        â”â” get_instructions_from_instructions [ 83.0ns | 0.00% ]
[1;32mINFO    [0m             â”‚        â”â” get_simple_instruction [ 5.00Âµs | 0.00% ]
[1;32mINFO    [0m             â”‚        â”â” get_instructions_from_instructions [ 41.0ns | 0.00% ]
[1;32mINFO    [0m             â”‚        â”â” get_simple_instruction [ 4.96Âµs | 0.00% ]
[1;32mINFO    [0m             â”‚        â”â” get_instructions_from_instructions [ 41.0ns | 0.00% ]
[1;32mINFO    [0m             â”‚        â”â” get_instructions_from_instructions [ 83.0ns | 0.00% ]
[1;32mINFO    [0m             â”‚        â”â” get_instructions_from_instructions [ 2.33Âµs | 0.00% / 0.00% ]
[1;32mINFO    [0m             â”‚        â”‚  â”•â” get_instructions_from_instruction [ 1.75Âµs | 0.00% ]
[1;32mINFO    [0m             â”‚        â”â” get_instructions_from_instructions [ 2.71Âµs | 0.00% / 0.00% ]
[1;32mINFO    [0m             â”‚        â”‚  â”•â” get_instructions_from_instruction [ 2.12Âµs | 0.00% ]
[1;32mINFO    [0m             â”‚        â”â” get_instructions_from_instructions [ 2.12Âµs | 0.00% / 0.00% ]
[1;32mINFO    [0m             â”‚        â”‚  â”•â” get_instructions_from_instruction [ 1.62Âµs | 0.00% ]
[1;32mINFO    [0m             â”‚        â”â” get_instructions_from_instructions [ 83.0ns | 0.00% ]
[1;32mINFO    [0m             â”‚        â”â” get_instructions_from_instructions [ 41.0ns | 0.00% ]
[1;32mINFO    [0m             â”‚        â”â” get_instructions_from_instructions [ 41.0ns | 0.00% ]
[1;32mINFO    [0m             â”‚        â”â” get_instructions_from_instructions [ 41.0ns | 0.00% ]
[1;32mINFO    [0m             â”‚        â”â” get_instructions_from_instructions [ 41.0ns | 0.00% ]
[1;32mINFO    [0m             â”‚        â”•â” get_instructions_from_instructions [ 41.0ns | 0.00% ]
[1;32mINFO    [0m             â”â” from_rt [ 2.21ms | 0.41% ]
[1;32mINFO    [0m             â”•â” from_node_data [ 24.4ms | 4.48% ]
[1;32mINFO    [0m route [ 15.8ms | 0.26% / 100.00% ]
[1;32mINFO    [0m â”â” ï½‰ [info]:  | method: "GET" | uri: "/-/fifthtry.github.io/package-doc/static/header/cross.svg"
[1;32mINFO    [0m â”•â” serve [ 15.8ms | 0.31% / 99.74% ]
[1;32mINFO    [0m    â”â” Config::read [ 12.3ms | 67.77% / 78.07% ]
[1;32mINFO    [0m    â”‚  â”•â” resolve [ 1.63ms | 10.29% ]
[1;32mINFO    [0m    â”‚     â”•â” ï½‰ [info]:  | path: "/Users/wilderbit/github/fifthtry-packages/doc-site/.packages/kameri-app.herokuapp.com/FPM.ftd"
[1;32mINFO    [0m    â”â” serve_file [ 3.38ms | 0.08% / 21.37% ]
[1;32mINFO    [0m    â”‚  â”•â” get_file_and_package_by_id [ 3.37ms | 0.80% / 21.29% ]
[1;32mINFO    [0m    â”‚     â”â” ï½‰ [info]:  | path: "-/fifthtry.github.io/package-doc/static/header/cross.svg"
[1;32mINFO    [0m    â”‚     â”â” resolve [ 3.21ms | 20.29% ]
[1;32mINFO    [0m    â”‚     â”‚  â”•â” ï½‰ [info]:  | path: "/Users/wilderbit/github/fifthtry-packages/doc-site/.packages/fifthtry.github.io/package-doc/FPM.ftd"
[1;32mINFO    [0m    â”‚     â”•â” resolve_by_id [ 30.5Âµs | 0.03% / 0.19% ]
[1;32mINFO    [0m    â”‚        â”â” ï½‰ [info]:  | id: "/static/header/cross.svg"
[1;32mINFO    [0m    â”‚        â”•â” fs_fetch_by_id [ 25.2Âµs | 0.03% / 0.16% ]
[1;32mINFO    [0m    â”‚           â”•â” fs_fetch_by_file_name [ 19.8Âµs | 0.13% ]
[1;32mINFO    [0m    â”‚              â”•â” ï½‰ [info]:  | document: "/static/header/cross.svg"
[1;32mINFO    [0m    â”•â” ï½‰ [info]: before executing proxy: file-status: 200 OK, path: -/fifthtry.github.io/package-doc/static/header/cross.svg
[1;32mINFO    [0m route [ 15.6ms | 0.36% / 100.00% ]
[1;32mINFO    [0m â”â” ï½‰ [info]:  | method: "GET" | uri: "/-/fifthtry.github.io/doc-site/static/header/hamburger.svg"
[1;32mINFO    [0m â”•â” serve [ 15.6ms | 0.66% / 99.64% ]
[1;32mINFO    [0m    â”â” Config::read [ 15.2ms | 82.79% / 97.15% ]
[1;32mINFO    [0m    â”‚  â”•â” resolve [ 2.24ms | 14.36% ]
[1;32mINFO    [0m    â”‚     â”•â” ï½‰ [info]:  | path: "/Users/wilderbit/github/fifthtry-packages/doc-site/.packages/kameri-app.herokuapp.com/FPM.ftd"
[1;32mINFO    [0m    â”â” serve_file [ 284Âµs | 0.08% / 1.82% ]
[1;32mINFO    [0m    â”‚  â”•â” get_file_and_package_by_id [ 271Âµs | 1.57% / 1.74% ]
[1;32mINFO    [0m    â”‚     â”â” ï½‰ [info]:  | path: "-/fifthtry.github.io/doc-site/static/header/hamburger.svg"
[1;32mINFO    [0m    â”‚     â”•â” resolve_by_id [ 26.3Âµs | 0.03% / 0.17% ]
[1;32mINFO    [0m    â”‚        â”â” ï½‰ [info]:  | id: "/static/header/hamburger.svg"
[1;32mINFO    [0m    â”‚        â”•â” fs_fetch_by_id [ 22.3Âµs | 0.03% / 0.14% ]
[1;32mINFO    [0m    â”‚           â”•â” fs_fetch_by_file_name [ 17.2Âµs | 0.11% ]
[1;32mINFO    [0m    â”‚              â”•â” ï½‰ [info]:  | document: "/static/header/hamburger.svg"
[1;32mINFO    [0m    â”•â” ï½‰ [info]: before executing proxy: file-status: 200 OK, path: -/fifthtry.github.io/doc-site/static/header/hamburger.svg
[1;32mINFO    [0m route [ 13.5ms | 0.65% / 100.00% ]
[1;32mINFO    [0m â”â” ï½‰ [info]:  | method: "GET" | uri: "/-/fifthtry.github.io/doc-site/static/info-icon.svg"
[1;32mINFO    [0m â”•â” serve [ 13.4ms | 0.64% / 99.35% ]
[1;32mINFO    [0m    â”â” Config::read [ 13.0ms | 62.72% / 96.25% ]
[1;32mINFO    [0m    â”‚  â”•â” resolve [ 4.54ms | 33.53% ]
[1;32mINFO    [0m    â”‚     â”•â” ï½‰ [info]:  | path: "/Users/wilderbit/github/fifthtry-packages/doc-site/.packages/kameri-app.herokuapp.com/FPM.ftd"
[1;32mINFO    [0m    â”â” serve_file [ 333Âµs | 0.10% / 2.46% ]
[1;32mINFO    [0m    â”‚  â”•â” get_file_and_package_by_id [ 319Âµs | 1.77% / 2.35% ]
[1;32mINFO    [0m    â”‚     â”â” ï½‰ [info]:  | path: "-/fifthtry.github.io/doc-site/static/info-icon.svg"
[1;32mINFO    [0m    â”‚     â”•â” resolve_by_id [ 78.9Âµs | 0.04% / 0.58% ]
[1;32mINFO    [0m    â”‚        â”â” ï½‰ [info]:  | id: "/static/info-icon.svg"
[1;32mINFO    [0m    â”‚        â”•â” fs_fetch_by_id [ 73.9Âµs | 0.03% / 0.55% ]
[1;32mINFO    [0m    â”‚           â”•â” fs_fetch_by_file_name [ 69.5Âµs | 0.51% ]
[1;32mINFO    [0m    â”‚              â”•â” ï½‰ [info]:  | document: "/static/info-icon.svg"
[1;32mINFO    [0m    â”•â” ï½‰ [info]: before executing proxy: file-status: 200 OK, path: -/fifthtry.github.io/doc-site/static/info-icon.svg
[1;32mINFO    [0m route [ 12.6ms | 0.24% / 100.00% ]
[1;32mINFO    [0m â”â” ï½‰ [info]:  | method: "GET" | uri: "/-/fifthtry.github.io/package-doc/static/up-arrow-dark.svg"
[1;32mINFO    [0m â”•â” serve [ 12.6ms | 0.35% / 99.76% ]
[1;32mINFO    [0m    â”â” Config::read [ 10.1ms | 66.62% / 80.07% ]
[1;32mINFO    [0m    â”‚  â”•â” resolve [ 1.70ms | 13.45% ]
[1;32mINFO    [0m    â”‚     â”•â” ï½‰ [info]:  | path: "/Users/wilderbit/github/fifthtry-packages/doc-site/.packages/kameri-app.herokuapp.com/FPM.ftd"
[1;32mINFO    [0m    â”â” serve_file [ 2.44ms | 0.08% / 19.34% ]
[1;32mINFO    [0m    â”‚  â”•â” get_file_and_package_by_id [ 2.43ms | 2.18% / 19.26% ]
[1;32mINFO    [0m    â”‚     â”â” ï½‰ [info]:  | path: "-/fifthtry.github.io/package-doc/static/up-arrow-dark.svg"
[1;32mINFO    [0m    â”‚     â”â” resolve [ 2.15ms | 16.99% ]
[1;32mINFO    [0m    â”‚     â”‚  â”•â” ï½‰ [info]:  | path: "/Users/wilderbit/github/fifthtry-packages/doc-site/.packages/fifthtry.github.io/package-doc/FPM.ftd"
[1;32mINFO    [0m    â”‚     â”•â” resolve_by_id [ 12.5Âµs | 0.02% / 0.10% ]
[1;32mINFO    [0m    â”‚        â”â” ï½‰ [info]:  | id: "/static/up-arrow-dark.svg"
[1;32mINFO    [0m    â”‚        â”•â” fs_fetch_by_id [ 10.4Âµs | 0.02% / 0.08% ]
[1;32mINFO    [0m    â”‚           â”•â” fs_fetch_by_file_name [ 8.38Âµs | 0.07% ]
[1;32mINFO    [0m    â”‚              â”•â” ï½‰ [info]:  | document: "/static/up-arrow-dark.svg"
[1;32mINFO    [0m    â”•â” ï½‰ [info]: before executing proxy: file-status: 200 OK, path: -/fifthtry.github.io/package-doc/static/up-arrow-dark.svg
[1;32mINFO    [0m route [ 14.3ms | 0.30% / 100.00% ]
[1;32mINFO    [0m â”â” ï½‰ [info]:  | method: "GET" | uri: "/-/fifthtry.github.io/doc-site/static/header/hamburger-dark.svg"
[1;32mINFO    [0m â”•â” serve [ 14.3ms | 0.37% / 99.70% ]
[1;32mINFO    [0m    â”â” Config::read [ 14.0ms | 82.70% / 98.24% ]
[1;32mINFO    [0m    â”‚  â”•â” resolve [ 2.22ms | 15.55% ]
[1;32mINFO    [0m    â”‚     â”•â” ï½‰ [info]:  | path: "/Users/wilderbit/github/fifthtry-packages/doc-site/.packages/kameri-app.herokuapp.com/FPM.ftd"
[1;32mINFO    [0m    â”â” serve_file [ 154Âµs | 0.06% / 1.08% ]
[1;32mINFO    [0m    â”‚  â”•â” get_file_and_package_by_id [ 146Âµs | 0.93% / 1.02% ]
[1;32mINFO    [0m    â”‚     â”â” ï½‰ [info]:  | path: "-/fifthtry.github.io/doc-site/static/header/hamburger-dark.svg"
[1;32mINFO    [0m    â”‚     â”•â” resolve_by_id [ 12.9Âµs | 0.01% / 0.09% ]
[1;32mINFO    [0m    â”‚        â”â” ï½‰ [info]:  | id: "/static/header/hamburger-dark.svg"
[1;32mINFO    [0m    â”‚        â”•â” fs_fetch_by_id [ 11.1Âµs | 0.01% / 0.08% ]
[1;32mINFO    [0m    â”‚           â”•â” fs_fetch_by_file_name [ 9.38Âµs | 0.07% ]
[1;32mINFO    [0m    â”‚              â”•â” ï½‰ [info]:  | document: "/static/header/hamburger-dark.svg"
[1;32mINFO    [0m    â”•â” ï½‰ [info]: before executing proxy: file-status: 200 OK, path: -/fifthtry.github.io/doc-site/static/header/hamburger-dark.svg
[1;32mINFO    [0m route [ 16.8ms | 0.18% / 100.00% ]
[1;32mINFO    [0m â”â” ï½‰ [info]:  | method: "GET" | uri: "/static/primary-favorites.svg"
[1;32mINFO    [0m â”•â” serve [ 16.7ms | 0.25% / 99.82% ]
[1;32mINFO    [0m    â”â” Config::read [ 16.6ms | 90.09% / 98.87% ]
[1;32mINFO    [0m    â”‚  â”•â” resolve [ 1.47ms | 8.78% ]
[1;32mINFO    [0m    â”‚     â”•â” ï½‰ [info]:  | path: "/Users/wilderbit/github/fifthtry-packages/doc-site/.packages/kameri-app.herokuapp.com/FPM.ftd"
[1;32mINFO    [0m    â”â” serve_file [ 119Âµs | 0.04% / 0.71% ]
[1;32mINFO    [0m    â”‚  â”•â” get_file_and_package_by_id [ 113Âµs | 0.60% / 0.67% ]
[1;32mINFO    [0m    â”‚     â”â” ï½‰ [info]:  | path: "static/primary-favorites.svg"
[1;32mINFO    [0m    â”‚     â”•â” resolve_by_id [ 12.1Âµs | 0.01% / 0.07% ]
[1;32mINFO    [0m    â”‚        â”â” ï½‰ [info]:  | id: "static/primary-favorites.svg"
[1;32mINFO    [0m    â”‚        â”•â” fs_fetch_by_id [ 10.0Âµs | 0.01% / 0.06% ]
[1;32mINFO    [0m    â”‚           â”•â” fs_fetch_by_file_name [ 7.62Âµs | 0.05% ]
[1;32mINFO    [0m    â”‚              â”•â” ï½‰ [info]:  | document: "static/primary-favorites.svg"
[1;32mINFO    [0m    â”•â” ï½‰ [info]: before executing proxy: file-status: 200 OK, path: static/primary-favorites.svg
[1;32mINFO    [0m route [ 16.4ms | 0.33% / 100.00% ]
[1;32mINFO    [0m â”â” ï½‰ [info]:  | method: "GET" | uri: "/-/fifthtry.github.io/package-doc/static/down-arrow-dark.svg"
[1;32mINFO    [0m â”•â” serve [ 16.3ms | 0.39% / 99.67% ]
[1;32mINFO    [0m    â”â” Config::read [ 14.0ms | 75.12% / 85.49% ]
[1;32mINFO    [0m    â”‚  â”•â” resolve [ 1.70ms | 10.37% ]
[1;32mINFO    [0m    â”‚     â”•â” ï½‰ [info]:  | path: "/Users/wilderbit/github/fifthtry-packages/doc-site/.packages/kameri-app.herokuapp.com/FPM.ftd"
[1;32mINFO    [0m    â”â” serve_file [ 2.26ms | 0.07% / 13.78% ]
[1;32mINFO    [0m    â”‚  â”•â” get_file_and_package_by_id [ 2.25ms | 0.57% / 13.71% ]
[1;32mINFO    [0m    â”‚     â”â” ï½‰ [info]:  | path: "-/fifthtry.github.io/package-doc/static/down-arrow-dark.svg"
[1;32mINFO    [0m    â”‚     â”â” resolve [ 2.14ms | 13.09% ]
[1;32mINFO    [0m    â”‚     â”‚  â”•â” ï½‰ [info]:  | path: "/Users/wilderbit/github/fifthtry-packages/doc-site/.packages/fifthtry.github.io/package-doc/FPM.ftd"
[1;32mINFO    [0m    â”‚     â”•â” resolve_by_id [ 10.0Âµs | 0.01% / 0.06% ]
[1;32mINFO    [0m    â”‚        â”â” ï½‰ [info]:  | id: "/static/down-arrow-dark.svg"
[1;32mINFO    [0m    â”‚        â”•â” fs_fetch_by_id [ 8.04Âµs | 0.01% / 0.05% ]
[1;32mINFO    [0m    â”‚           â”•â” fs_fetch_by_file_name [ 6.21Âµs | 0.04% ]
[1;32mINFO    [0m    â”‚              â”•â” ï½‰ [info]:  | document: "/static/down-arrow-dark.svg"
[1;32mINFO    [0m    â”•â” ï½‰ [info]: before executing proxy: file-status: 200 OK, path: -/fifthtry.github.io/package-doc/static/down-arrow-dark.svg
[1;32mINFO    [0m route [ 9.79ms | 0.44% / 100.00% ]
[1;32mINFO    [0m â”â” ï½‰ [info]:  | method: "GET" | uri: "/-/fifthtry.github.io/doc-site/static/cross.svg"
[1;32mINFO    [0m â”•â” serve [ 9.74ms | 0.37% / 99.56% ]
[1;32mINFO    [0m    â”â” Config::read [ 9.58ms | 83.88% / 97.87% ]
[1;32mINFO    [0m    â”‚  â”•â” resolve [ 1.37ms | 13.99% ]
[1;32mINFO    [0m    â”‚     â”•â” ï½‰ [info]:  | path: "/Users/wilderbit/github/fifthtry-packages/doc-site/.packages/kameri-app.herokuapp.com/FPM.ftd"
[1;32mINFO    [0m    â”â” serve_file [ 129Âµs | 0.09% / 1.32% ]
[1;32mINFO    [0m    â”‚  â”•â” get_file_and_package_by_id [ 120Âµs | 1.05% / 1.22% ]
[1;32mINFO    [0m    â”‚     â”â” ï½‰ [info]:  | path: "-/fifthtry.github.io/doc-site/static/cross.svg"
[1;32mINFO    [0m    â”‚     â”•â” resolve_by_id [ 16.7Âµs | 0.03% / 0.17% ]
[1;32mINFO    [0m    â”‚        â”â” ï½‰ [info]:  | id: "/static/cross.svg"
[1;32mINFO    [0m    â”‚        â”•â” fs_fetch_by_id [ 14.1Âµs | 0.03% / 0.14% ]
[1;32mINFO    [0m    â”‚           â”•â” fs_fetch_by_file_name [ 11.2Âµs | 0.11% ]
[1;32mINFO    [0m    â”‚              â”•â” ï½‰ [info]:  | document: "/static/cross.svg"
[1;32mINFO    [0m    â”•â” ï½‰ [info]: before executing proxy: file-status: 200 OK, path: -/fifthtry.github.io/doc-site/static/cross.svg
[1;32mINFO    [0m ï½‰ [info]: SIGINT received; starting forced shutdown
[1;32mINFO    [0m ï½‰ [info]: Accept thread stopped
[1;32mINFO    [0m ï½‰ [info]: Shutting down idle worker
[1;32mINFO    [0m ï½‰ [info]: Shutting down idle worker
[1;32mINFO    [0m ï½‰ [info]: Shutting down idle worker
[1;32mINFO    [0m ï½‰ [info]: Shutting down idle worker
[1;32mINFO    [0m ï½‰ [info]: Shutting down idle worker
[1;32mINFO    [0m ï½‰ [info]: Shutting down idle worker
[1;32mINFO    [0m ï½‰ [info]: Shutting down idle worker
[1;32mINFO    [0m ï½‰ [info]: Shutting down idle worker
